#
# A fatal error has been detected by the Java Runtime Environment:
#
#  Internal Error (0xc000000d), pid=21136, tid=19536
#
# JRE version: Java(TM) SE Runtime Environment (16.0.2+7) (build 16.0.2+7-67)
# Java VM: Java HotSpot(TM) 64-Bit Server VM (16.0.2+7-67, mixed mode, sharing, tiered, compressed oops, compressed class ptrs, g1 gc, windows-amd64)
# Problematic frame:
# C  [ntdll.dll+0x112324]
#
# No core dump will be written. Minidumps are not enabled by default on client versions of Windows
#
# If you would like to submit a bug report, please visit:
#   https://bugreport.java.com/bugreport/crash.jsp
#

---------------  S U M M A R Y ------------

Command Line: -Dfile.encoding=UTF-8 --module-path=C:\Users\LENOVO\Documents\NetBeansProjects\ExamProjectKarol\build\classes examprojectkarol.Webcam

Host: Intel(R) Core(TM) i7-6600U CPU @ 2.60GHz, 4 cores, 7G,  Windows 10 , 64 bit Build 19041 (10.0.19041.3636)
Time: Thu Feb  1 16:27:19 2024 W. Central Africa Standard Time elapsed time: 11.322928 seconds (0d 0h 0m 11s)

---------------  T H R E A D  ---------------

Current thread (0x0000019ee2ccc900):  VMThread "VM Thread" [stack: 0x0000008d27700000,0x0000008d27800000] [id=19536]

Stack: [0x0000008d27700000,0x0000008d27800000],  sp=0x0000008d277fe020,  free space=1016k
Native frames: (J=compiled Java code, j=interpreted, Vv=VM code, C=native code)
C  [ntdll.dll+0x112324]
C  [ntdll.dll+0xab181]
C  [KERNELBASE.dll+0x73169]
C  [RTWorkQ.DLL+0x79cd]


siginfo: EXCEPTION_?? (0xc000000d)


Register to memory mapping:

RIP=0x00007ff9eb542324 ntdll.dll
RAX=0x0000008d277fe0a0 points into unknown readable memory: 0x0000000000000000 | 00 00 00 00 00 00 00 00
RBX=0x0000019ee531c410 points into unknown readable memory: 0x0000000000000000 | 00 00 00 00 00 00 00 00
RCX=0x0000000027000004 is an unknown value
RDX=0x00007ff9e58fb7bc uxtheme.dll
RSP=0x0000008d277fe020 points into unknown readable memory: 0x0000000000000057 | 57 00 00 00 00 00 00 00
RBP=0x00007ff9e26c8610 RTWorkQ.DLL
RSI=0x0000019ee5290580 points into unknown readable memory: 0x0000000000000003 | 03 00 00 00 00 00 00 00
RDI=0x0 is NULL
R8 =0x00007ff9e58f8317 uxtheme.dll
R9 =0x0000008d277fe0a4 points into unknown readable memory: 00 00 00 00
R10=0x0 is NULL
R11=0x0000008d277fd900 points into unknown readable memory: 0x0000019ee4d03550 | 50 35 d0 e4 9e 01 00 00
R12=0x0000019ee531c410 points into unknown readable memory: 0x0000000000000000 | 00 00 00 00 00 00 00 00
R13=0x00007ff9c7c7c4e0 FrameServerClient.dll
R14=0x0000008d277fe1b8 points into unknown readable memory: 0x0000000000000000 | 00 00 00 00 00 00 00 00
R15=0x00007ff9e26c8610 RTWorkQ.DLL


Registers:
RAX=0x0000008d277fe0a0, RBX=0x0000019ee531c410, RCX=0x0000000027000004, RDX=0x00007ff9e58fb7bc
RSP=0x0000008d277fe020, RBP=0x00007ff9e26c8610, RSI=0x0000019ee5290580, RDI=0x0000000000000000
R8 =0x00007ff9e58f8317, R9 =0x0000008d277fe0a4, R10=0x0000000000000000, R11=0x0000008d277fd900
R12=0x0000019ee531c410, R13=0x00007ff9c7c7c4e0, R14=0x0000008d277fe1b8, R15=0x00007ff9e26c8610
RIP=0x00007ff9eb542324, EFLAGS=0x0000000000000206

Top of Stack: (sp=0x0000008d277fe020)
0x0000008d277fe020:   0000000000000057 0000019ee531c410
0x0000008d277fe030:   0000019ee5290580 0000000000000000
0x0000008d277fe040:   00000000c000000d 0000000000000000
0x0000008d277fe050:   00007ff9eb542324 0000000000000000
0x0000008d277fe060:   0000000000000000 0000000000000000
0x0000008d277fe070:   0000000000000000 0000000000000000
0x0000008d277fe080:   0000000000000000 0000000000000000
0x0000008d277fe090:   0000000000000000 0000000000000000
0x0000008d277fe0a0:   0000000000000000 0000000000000000
0x0000008d277fe0b0:   0000000000000000 0000000000000000
0x0000008d277fe0c0:   0000000000000000 0000000000000000
0x0000008d277fe0d0:   0000000000000000 0000008d0d00000d
0x0000008d277fe0e0:   0000a6467734d57c 000000002800062e
0x0000008d277fe0f0:   0000000000000000 00007ff9eb4db181
0x0000008d277fe100:   0000000000000850 0000019ee5290490
0x0000008d277fe110:   00007ff9c7c7c4e0 0000000000000850 

Instructions: (pc=0x00007ff9eb542324)
0x00007ff9eb542224:   cc cc cc cc cc cc cc cc 48 81 ec d8 00 00 00 48
0x00007ff9eb542234:   8b 05 d6 22 07 00 48 33 c4 48 89 84 24 c0 00 00
0x00007ff9eb542244:   00 4d 85 c0 74 33 4d 8b 48 50 48 8d 05 6b 63 f6
0x00007ff9eb542254:   ff c7 44 24 38 05 00 00 00 4c 3b c8 75 0a 49 8b
0x00007ff9eb542264:   40 58 4c 8b 50 20 eb 03 45 33 d2 4d 85 d2 4d 0f
0x00007ff9eb542274:   45 ca 4c 89 4c 24 60 eb 08 c7 44 24 38 04 00 00
0x00007ff9eb542284:   00 48 83 64 24 28 00 48 83 64 24 58 00 48 63 c1
0x00007ff9eb542294:   48 8d 4c 24 20 48 89 44 24 40 c7 44 24 20 0a 07
0x00007ff9eb5422a4:   00 c0 48 89 54 24 48 4c 89 44 24 50 c7 44 24 24
0x00007ff9eb5422b4:   01 00 00 00 e8 73 ed f3 ff 48 8b 8c 24 c0 00 00
0x00007ff9eb5422c4:   00 48 33 cc e8 03 a2 f7 ff 48 81 c4 d8 00 00 00
0x00007ff9eb5422d4:   c3 cc cc cc cc cc cc cc 48 81 ec d8 00 00 00 48
0x00007ff9eb5422e4:   8b 05 26 22 07 00 48 33 c4 48 89 84 24 c0 00 00
0x00007ff9eb5422f4:   00 33 d2 41 b8 94 00 00 00 48 8d 4c 24 24 e8 f9
0x00007ff9eb542304:   1d f9 ff c7 44 24 20 0d 00 00 c0 b9 57 00 00 00
0x00007ff9eb542314:   e8 67 e4 f3 ff 90 48 8d 4c 24 20 e8 0c ed f3 ff
0x00007ff9eb542324:   eb 00 48 8b 8c 24 c0 00 00 00 48 33 cc e8 9a a1
0x00007ff9eb542334:   f7 ff 48 81 c4 d8 00 00 00 c3 cc 40 55 48 83 ec
0x00007ff9eb542344:   20 48 8b ea e8 0f 00 00 00 90 48 83 c4 20 5d c3
0x00007ff9eb542354:   cc cc cc cc cc cc cc cc 48 83 ec 28 48 8b 51 08
0x00007ff9eb542364:   41 b8 03 00 00 00 48 8b 09 e8 4e a5 fc ff 33 c0
0x00007ff9eb542374:   48 83 c4 28 c3 cc cc cc cc cc cc cc 48 8b 01 48
0x00007ff9eb542384:   83 c9 ff 8b 10 e9 c2 b1 f8 ff cc cc cc cc cc cc
0x00007ff9eb542394:   4c 8b dc 48 81 ec 88 00 00 00 48 8b 05 6b 21 07
0x00007ff9eb5423a4:   00 48 33 c4 48 89 44 24 70 48 8b 84 24 b0 00 00
0x00007ff9eb5423b4:   00 41 ba 24 1c 00 00 49 89 43 d8 8b 84 24 b8 00
0x00007ff9eb5423c4:   00 00 66 45 89 53 9e 49 89 4b b8 49 89 53 c0 4d
0x00007ff9eb5423d4:   89 43 c8 4d 89 4b d0 89 44 24 68 e8 6c 24 f1 ff
0x00007ff9eb5423e4:   85 c0 74 19 65 48 8b 04 25 60 00 00 00 48 8b 88
0x00007ff9eb5423f4:   90 00 00 00 48 81 c1 2c 02 00 00 eb 05 b9 86 03
0x00007ff9eb542404:   fe 7f 0f b6 09 4c 8d 4c 24 20 ba 03 04 00 00 41
0x00007ff9eb542414:   b8 2c 00 00 00 e8 62 b7 f8 ff 48 8b 4c 24 70 48 


Stack slot to memory mapping:
stack at sp + 0 slots: 0x0000000000000057 is an unknown value
stack at sp + 1 slots: 0x0000019ee531c410 points into unknown readable memory: 0x0000000000000000 | 00 00 00 00 00 00 00 00
stack at sp + 2 slots: 0x0000019ee5290580 points into unknown readable memory: 0x0000000000000003 | 03 00 00 00 00 00 00 00
stack at sp + 3 slots: 0x0 is NULL
stack at sp + 4 slots: 0x00000000c000000d is an unallocated location in the heap
stack at sp + 5 slots: 0x0 is NULL
stack at sp + 6 slots: 0x00007ff9eb542324 ntdll.dll
stack at sp + 7 slots: 0x0 is NULL

VM_Operation (0x0000008d288fe2d0): Exit, mode: safepoint, requested by thread 0x0000019ee2ce6430


---------------  P R O C E S S  ---------------

Threads class SMR info:
_java_thread_list=0x0000019ee4cdeca0, length=16, elements={
0x0000019ee2cd1300, 0x0000019ee2cd2960, 0x0000019ee2cdf300, 0x0000019ee2ce2240,
0x0000019ee2ce6980, 0x0000019ee2ce7970, 0x0000019ee2cee5e0, 0x0000019ee2cf0010,
0x0000019ee2d06e80, 0x0000019ee2ce6ed0, 0x0000019ee2ce7420, 0x0000019ee2ce8410,
0x0000019ee2ce7ec0, 0x0000019ee2ce6430, 0x0000019ee2ce5440, 0x0000019ee2ce5990
}

Java Threads: ( => current thread )
  0x0000019ee2cd1300 JavaThread "Reference Handler" daemon [_thread_blocked, id=16160, stack(0x0000008d27800000,0x0000008d27900000)]
  0x0000019ee2cd2960 JavaThread "Finalizer" daemon [_thread_blocked, id=19792, stack(0x0000008d27900000,0x0000008d27a00000)]
  0x0000019ee2cdf300 JavaThread "Signal Dispatcher" daemon [_thread_blocked, id=972, stack(0x0000008d27a00000,0x0000008d27b00000)]
  0x0000019ee2ce2240 JavaThread "Attach Listener" daemon [_thread_blocked, id=9236, stack(0x0000008d27b00000,0x0000008d27c00000)]
  0x0000019ee2ce6980 JavaThread "Service Thread" daemon [_thread_blocked, id=19408, stack(0x0000008d27c00000,0x0000008d27d00000)]
  0x0000019ee2ce7970 JavaThread "Monitor Deflation Thread" daemon [_thread_blocked, id=8856, stack(0x0000008d27d00000,0x0000008d27e00000)]
  0x0000019ee2cee5e0 JavaThread "C2 CompilerThread0" daemon [_thread_blocked, id=10172, stack(0x0000008d27e00000,0x0000008d27f00000)]
  0x0000019ee2cf0010 JavaThread "C1 CompilerThread0" daemon [_thread_blocked, id=10332, stack(0x0000008d27f00000,0x0000008d28000000)]
  0x0000019ee2d06e80 JavaThread "Sweeper thread" daemon [_thread_blocked, id=1544, stack(0x0000008d28000000,0x0000008d28100000)]
  0x0000019ee2ce6ed0 JavaThread "Common-Cleaner" daemon [_thread_blocked, id=9092, stack(0x0000008d28100000,0x0000008d28200000)]
  0x0000019ee2ce7420 JavaThread "Notification Thread" daemon [_thread_blocked, id=21080, stack(0x0000008d28200000,0x0000008d28300000)]
  0x0000019ee2ce8410 JavaThread "Java2D Disposer" daemon [_thread_blocked, id=20668, stack(0x0000008d28500000,0x0000008d28600000)]
  0x0000019ee2ce7ec0 JavaThread "AWT-Shutdown" [_thread_blocked, id=18372, stack(0x0000008d28600000,0x0000008d28700000)]
  0x0000019ee2ce6430 JavaThread "AWT-EventQueue-0" [_thread_blocked, id=4228, stack(0x0000008d28800000,0x0000008d28900000)]
  0x0000019ee2ce5440 JavaThread "DestroyJavaVM" [_thread_blocked, id=3052, stack(0x0000008d27100000,0x0000008d27200000)]
  0x0000019ee2ce5990 JavaThread "Thread-0" daemon [_thread_in_native, id=16220, stack(0x0000008d29000000,0x0000008d29100000)]

Other Threads:
=>0x0000019ee2ccc900 VMThread "VM Thread" [stack: 0x0000008d27700000,0x0000008d27800000] [id=19536]
  0x0000019ec566df60 GCTaskThread "GC Thread#0" [stack: 0x0000008d27200000,0x0000008d27300000] [id=17204]
  0x0000019ec5681150 ConcurrentGCThread "G1 Main Marker" terminated
  0x0000019ec5682360 ConcurrentGCThread "G1 Conc#0" [stack: 0x0000008d27400000,0x0000008d27500000] [id=10940]
  0x0000019ec56f9d40 ConcurrentGCThread "G1 Refine#0" terminated
  0x0000019ec56fa7c0 ConcurrentGCThread "G1 Service" terminated

Threads with active compile tasks:

VM state: at safepoint (shutting down)

VM Mutex/Monitor currently owned by a thread:  ([mutex/lock_event])
[0x0000019ec562ad20] Threads_lock - owner thread: 0x0000019ee2ccc900
[0x0000019ec562b470] Heap_lock - owner thread: 0x0000019ee2ce6430

Heap address: 0x0000000082400000, size: 2012 MB, Compressed Oops mode: 32-bit

CDS archive(s) mapped at: [0x0000000800000000-0x0000000800bb0000-0x0000000800bb0000), size 12255232, SharedBaseAddress: 0x0000000800000000, ArchiveRelocationMode: 0.
Compressed class space mapped at: 0x0000000800c00000-0x0000000840c00000, reserved size: 1073741824
Narrow klass base: 0x0000000800000000, Narrow klass shift: 3, Narrow klass range: 0x100000000

GC Precious Log:
 CPUs: 4 total, 4 available
 Memory: 8047M
 Large Page Support: Disabled
 NUMA Support: Disabled
 Compressed Oops: Enabled (32-bit)
 Heap Region Size: 1M
 Heap Min Capacity: 8M
 Heap Initial Capacity: 126M
 Heap Max Capacity: 2012M
 Pre-touch: Disabled
 Parallel Workers: 4
 Concurrent Workers: 1
 Concurrent Refinement Workers: 4
 Periodic GC: Disabled

Heap:
 garbage-first heap   total 129024K, used 11264K [0x0000000082400000, 0x0000000100000000)
  region size 1024K, 10 young (10240K), 0 survivors (0K)
 Metaspace       used 9754K, committed 9984K, reserved 1064960K
  class space    used 1093K, committed 1216K, reserved 1048576K

Heap Regions: E=young(eden), S=young(survivor), O=old, HS=humongous(starts), HC=humongous(continues), CS=collection set, F=free, OA=open archive, CA=closed archive, TAMS=top-at-mark-start (previous, next)
|   0|0x0000000082400000, 0x0000000082500000, 0x0000000082500000|100%|HS|  |TAMS 0x0000000082400000, 0x0000000082400000| Complete 
|   1|0x0000000082500000, 0x0000000082600000, 0x0000000082600000|100%|HC|  |TAMS 0x0000000082500000, 0x0000000082500000| Complete 
|   2|0x0000000082600000, 0x0000000082600000, 0x0000000082700000|  0%| F|  |TAMS 0x0000000082600000, 0x0000000082600000| Untracked 
|   3|0x0000000082700000, 0x0000000082700000, 0x0000000082800000|  0%| F|  |TAMS 0x0000000082700000, 0x0000000082700000| Untracked 
|   4|0x0000000082800000, 0x0000000082800000, 0x0000000082900000|  0%| F|  |TAMS 0x0000000082800000, 0x0000000082800000| Untracked 
|   5|0x0000000082900000, 0x0000000082900000, 0x0000000082a00000|  0%| F|  |TAMS 0x0000000082900000, 0x0000000082900000| Untracked 
|   6|0x0000000082a00000, 0x0000000082a00000, 0x0000000082b00000|  0%| F|  |TAMS 0x0000000082a00000, 0x0000000082a00000| Untracked 
|   7|0x0000000082b00000, 0x0000000082b00000, 0x0000000082c00000|  0%| F|  |TAMS 0x0000000082b00000, 0x0000000082b00000| Untracked 
|   8|0x0000000082c00000, 0x0000000082c00000, 0x0000000082d00000|  0%| F|  |TAMS 0x0000000082c00000, 0x0000000082c00000| Untracked 
|   9|0x0000000082d00000, 0x0000000082d00000, 0x0000000082e00000|  0%| F|  |TAMS 0x0000000082d00000, 0x0000000082d00000| Untracked 
|  10|0x0000000082e00000, 0x0000000082e00000, 0x0000000082f00000|  0%| F|  |TAMS 0x0000000082e00000, 0x0000000082e00000| Untracked 
|  11|0x0000000082f00000, 0x0000000082f00000, 0x0000000083000000|  0%| F|  |TAMS 0x0000000082f00000, 0x0000000082f00000| Untracked 
|  12|0x0000000083000000, 0x0000000083000000, 0x0000000083100000|  0%| F|  |TAMS 0x0000000083000000, 0x0000000083000000| Untracked 
|  13|0x0000000083100000, 0x0000000083100000, 0x0000000083200000|  0%| F|  |TAMS 0x0000000083100000, 0x0000000083100000| Untracked 
|  14|0x0000000083200000, 0x0000000083200000, 0x0000000083300000|  0%| F|  |TAMS 0x0000000083200000, 0x0000000083200000| Untracked 
|  15|0x0000000083300000, 0x0000000083300000, 0x0000000083400000|  0%| F|  |TAMS 0x0000000083300000, 0x0000000083300000| Untracked 
|  16|0x0000000083400000, 0x0000000083400000, 0x0000000083500000|  0%| F|  |TAMS 0x0000000083400000, 0x0000000083400000| Untracked 
|  17|0x0000000083500000, 0x0000000083500000, 0x0000000083600000|  0%| F|  |TAMS 0x0000000083500000, 0x0000000083500000| Untracked 
|  18|0x0000000083600000, 0x0000000083600000, 0x0000000083700000|  0%| F|  |TAMS 0x0000000083600000, 0x0000000083600000| Untracked 
|  19|0x0000000083700000, 0x0000000083700000, 0x0000000083800000|  0%| F|  |TAMS 0x0000000083700000, 0x0000000083700000| Untracked 
|  20|0x0000000083800000, 0x0000000083800000, 0x0000000083900000|  0%| F|  |TAMS 0x0000000083800000, 0x0000000083800000| Untracked 
|  21|0x0000000083900000, 0x0000000083900000, 0x0000000083a00000|  0%| F|  |TAMS 0x0000000083900000, 0x0000000083900000| Untracked 
|  22|0x0000000083a00000, 0x0000000083a00000, 0x0000000083b00000|  0%| F|  |TAMS 0x0000000083a00000, 0x0000000083a00000| Untracked 
|  23|0x0000000083b00000, 0x0000000083b00000, 0x0000000083c00000|  0%| F|  |TAMS 0x0000000083b00000, 0x0000000083b00000| Untracked 
|  24|0x0000000083c00000, 0x0000000083c00000, 0x0000000083d00000|  0%| F|  |TAMS 0x0000000083c00000, 0x0000000083c00000| Untracked 
|  25|0x0000000083d00000, 0x0000000083d00000, 0x0000000083e00000|  0%| F|  |TAMS 0x0000000083d00000, 0x0000000083d00000| Untracked 
|  26|0x0000000083e00000, 0x0000000083e00000, 0x0000000083f00000|  0%| F|  |TAMS 0x0000000083e00000, 0x0000000083e00000| Untracked 
|  27|0x0000000083f00000, 0x0000000083f00000, 0x0000000084000000|  0%| F|  |TAMS 0x0000000083f00000, 0x0000000083f00000| Untracked 
|  28|0x0000000084000000, 0x0000000084000000, 0x0000000084100000|  0%| F|  |TAMS 0x0000000084000000, 0x0000000084000000| Untracked 
|  29|0x0000000084100000, 0x0000000084100000, 0x0000000084200000|  0%| F|  |TAMS 0x0000000084100000, 0x0000000084100000| Untracked 
|  30|0x0000000084200000, 0x0000000084200000, 0x0000000084300000|  0%| F|  |TAMS 0x0000000084200000, 0x0000000084200000| Untracked 
|  31|0x0000000084300000, 0x0000000084300000, 0x0000000084400000|  0%| F|  |TAMS 0x0000000084300000, 0x0000000084300000| Untracked 
|  32|0x0000000084400000, 0x0000000084400000, 0x0000000084500000|  0%| F|  |TAMS 0x0000000084400000, 0x0000000084400000| Untracked 
|  33|0x0000000084500000, 0x0000000084500000, 0x0000000084600000|  0%| F|  |TAMS 0x0000000084500000, 0x0000000084500000| Untracked 
|  34|0x0000000084600000, 0x0000000084600000, 0x0000000084700000|  0%| F|  |TAMS 0x0000000084600000, 0x0000000084600000| Untracked 
|  35|0x0000000084700000, 0x0000000084700000, 0x0000000084800000|  0%| F|  |TAMS 0x0000000084700000, 0x0000000084700000| Untracked 
|  36|0x0000000084800000, 0x0000000084800000, 0x0000000084900000|  0%| F|  |TAMS 0x0000000084800000, 0x0000000084800000| Untracked 
|  37|0x0000000084900000, 0x0000000084900000, 0x0000000084a00000|  0%| F|  |TAMS 0x0000000084900000, 0x0000000084900000| Untracked 
|  38|0x0000000084a00000, 0x0000000084a00000, 0x0000000084b00000|  0%| F|  |TAMS 0x0000000084a00000, 0x0000000084a00000| Untracked 
|  39|0x0000000084b00000, 0x0000000084b00000, 0x0000000084c00000|  0%| F|  |TAMS 0x0000000084b00000, 0x0000000084b00000| Untracked 
|  40|0x0000000084c00000, 0x0000000084c00000, 0x0000000084d00000|  0%| F|  |TAMS 0x0000000084c00000, 0x0000000084c00000| Untracked 
|  41|0x0000000084d00000, 0x0000000084d00000, 0x0000000084e00000|  0%| F|  |TAMS 0x0000000084d00000, 0x0000000084d00000| Untracked 
|  42|0x0000000084e00000, 0x0000000084e00000, 0x0000000084f00000|  0%| F|  |TAMS 0x0000000084e00000, 0x0000000084e00000| Untracked 
|  43|0x0000000084f00000, 0x0000000084f00000, 0x0000000085000000|  0%| F|  |TAMS 0x0000000084f00000, 0x0000000084f00000| Untracked 
|  44|0x0000000085000000, 0x0000000085000000, 0x0000000085100000|  0%| F|  |TAMS 0x0000000085000000, 0x0000000085000000| Untracked 
|  45|0x0000000085100000, 0x0000000085100000, 0x0000000085200000|  0%| F|  |TAMS 0x0000000085100000, 0x0000000085100000| Untracked 
|  46|0x0000000085200000, 0x0000000085200000, 0x0000000085300000|  0%| F|  |TAMS 0x0000000085200000, 0x0000000085200000| Untracked 
|  47|0x0000000085300000, 0x0000000085300000, 0x0000000085400000|  0%| F|  |TAMS 0x0000000085300000, 0x0000000085300000| Untracked 
|  48|0x0000000085400000, 0x0000000085400000, 0x0000000085500000|  0%| F|  |TAMS 0x0000000085400000, 0x0000000085400000| Untracked 
|  49|0x0000000085500000, 0x0000000085500000, 0x0000000085600000|  0%| F|  |TAMS 0x0000000085500000, 0x0000000085500000| Untracked 
|  50|0x0000000085600000, 0x0000000085600000, 0x0000000085700000|  0%| F|  |TAMS 0x0000000085600000, 0x0000000085600000| Untracked 
|  51|0x0000000085700000, 0x0000000085700000, 0x0000000085800000|  0%| F|  |TAMS 0x0000000085700000, 0x0000000085700000| Untracked 
|  52|0x0000000085800000, 0x0000000085800000, 0x0000000085900000|  0%| F|  |TAMS 0x0000000085800000, 0x0000000085800000| Untracked 
|  53|0x0000000085900000, 0x0000000085900000, 0x0000000085a00000|  0%| F|  |TAMS 0x0000000085900000, 0x0000000085900000| Untracked 
|  54|0x0000000085a00000, 0x0000000085a00000, 0x0000000085b00000|  0%| F|  |TAMS 0x0000000085a00000, 0x0000000085a00000| Untracked 
|  55|0x0000000085b00000, 0x0000000085b00000, 0x0000000085c00000|  0%| F|  |TAMS 0x0000000085b00000, 0x0000000085b00000| Untracked 
|  56|0x0000000085c00000, 0x0000000085c00000, 0x0000000085d00000|  0%| F|  |TAMS 0x0000000085c00000, 0x0000000085c00000| Untracked 
|  57|0x0000000085d00000, 0x0000000085d00000, 0x0000000085e00000|  0%| F|  |TAMS 0x0000000085d00000, 0x0000000085d00000| Untracked 
|  58|0x0000000085e00000, 0x0000000085e00000, 0x0000000085f00000|  0%| F|  |TAMS 0x0000000085e00000, 0x0000000085e00000| Untracked 
|  59|0x0000000085f00000, 0x0000000085f00000, 0x0000000086000000|  0%| F|  |TAMS 0x0000000085f00000, 0x0000000085f00000| Untracked 
|  60|0x0000000086000000, 0x0000000086000000, 0x0000000086100000|  0%| F|  |TAMS 0x0000000086000000, 0x0000000086000000| Untracked 
|  61|0x0000000086100000, 0x0000000086100000, 0x0000000086200000|  0%| F|  |TAMS 0x0000000086100000, 0x0000000086100000| Untracked 
|  62|0x0000000086200000, 0x0000000086200000, 0x0000000086300000|  0%| F|  |TAMS 0x0000000086200000, 0x0000000086200000| Untracked 
|  63|0x0000000086300000, 0x0000000086300000, 0x0000000086400000|  0%| F|  |TAMS 0x0000000086300000, 0x0000000086300000| Untracked 
|  64|0x0000000086400000, 0x0000000086400000, 0x0000000086500000|  0%| F|  |TAMS 0x0000000086400000, 0x0000000086400000| Untracked 
|  65|0x0000000086500000, 0x0000000086500000, 0x0000000086600000|  0%| F|  |TAMS 0x0000000086500000, 0x0000000086500000| Untracked 
|  66|0x0000000086600000, 0x0000000086600000, 0x0000000086700000|  0%| F|  |TAMS 0x0000000086600000, 0x0000000086600000| Untracked 
|  67|0x0000000086700000, 0x0000000086700000, 0x0000000086800000|  0%| F|  |TAMS 0x0000000086700000, 0x0000000086700000| Untracked 
|  68|0x0000000086800000, 0x0000000086800000, 0x0000000086900000|  0%| F|  |TAMS 0x0000000086800000, 0x0000000086800000| Untracked 
|  69|0x0000000086900000, 0x0000000086900000, 0x0000000086a00000|  0%| F|  |TAMS 0x0000000086900000, 0x0000000086900000| Untracked 
|  70|0x0000000086a00000, 0x0000000086a00000, 0x0000000086b00000|  0%| F|  |TAMS 0x0000000086a00000, 0x0000000086a00000| Untracked 
|  71|0x0000000086b00000, 0x0000000086b00000, 0x0000000086c00000|  0%| F|  |TAMS 0x0000000086b00000, 0x0000000086b00000| Untracked 
|  72|0x0000000086c00000, 0x0000000086c00000, 0x0000000086d00000|  0%| F|  |TAMS 0x0000000086c00000, 0x0000000086c00000| Untracked 
|  73|0x0000000086d00000, 0x0000000086d00000, 0x0000000086e00000|  0%| F|  |TAMS 0x0000000086d00000, 0x0000000086d00000| Untracked 
|  74|0x0000000086e00000, 0x0000000086e00000, 0x0000000086f00000|  0%| F|  |TAMS 0x0000000086e00000, 0x0000000086e00000| Untracked 
|  75|0x0000000086f00000, 0x0000000086f00000, 0x0000000087000000|  0%| F|  |TAMS 0x0000000086f00000, 0x0000000086f00000| Untracked 
|  76|0x0000000087000000, 0x0000000087000000, 0x0000000087100000|  0%| F|  |TAMS 0x0000000087000000, 0x0000000087000000| Untracked 
|  77|0x0000000087100000, 0x0000000087100000, 0x0000000087200000|  0%| F|  |TAMS 0x0000000087100000, 0x0000000087100000| Untracked 
|  78|0x0000000087200000, 0x0000000087200000, 0x0000000087300000|  0%| F|  |TAMS 0x0000000087200000, 0x0000000087200000| Untracked 
|  79|0x0000000087300000, 0x0000000087300000, 0x0000000087400000|  0%| F|  |TAMS 0x0000000087300000, 0x0000000087300000| Untracked 
|  80|0x0000000087400000, 0x0000000087400000, 0x0000000087500000|  0%| F|  |TAMS 0x0000000087400000, 0x0000000087400000| Untracked 
|  81|0x0000000087500000, 0x0000000087500000, 0x0000000087600000|  0%| F|  |TAMS 0x0000000087500000, 0x0000000087500000| Untracked 
|  82|0x0000000087600000, 0x0000000087600000, 0x0000000087700000|  0%| F|  |TAMS 0x0000000087600000, 0x0000000087600000| Untracked 
|  83|0x0000000087700000, 0x0000000087700000, 0x0000000087800000|  0%| F|  |TAMS 0x0000000087700000, 0x0000000087700000| Untracked 
|  84|0x0000000087800000, 0x0000000087800000, 0x0000000087900000|  0%| F|  |TAMS 0x0000000087800000, 0x0000000087800000| Untracked 
|  85|0x0000000087900000, 0x0000000087900000, 0x0000000087a00000|  0%| F|  |TAMS 0x0000000087900000, 0x0000000087900000| Untracked 
|  86|0x0000000087a00000, 0x0000000087a00000, 0x0000000087b00000|  0%| F|  |TAMS 0x0000000087a00000, 0x0000000087a00000| Untracked 
|  87|0x0000000087b00000, 0x0000000087b00000, 0x0000000087c00000|  0%| F|  |TAMS 0x0000000087b00000, 0x0000000087b00000| Untracked 
|  88|0x0000000087c00000, 0x0000000087c00000, 0x0000000087d00000|  0%| F|  |TAMS 0x0000000087c00000, 0x0000000087c00000| Untracked 
|  89|0x0000000087d00000, 0x0000000087d00000, 0x0000000087e00000|  0%| F|  |TAMS 0x0000000087d00000, 0x0000000087d00000| Untracked 
|  90|0x0000000087e00000, 0x0000000087e00000, 0x0000000087f00000|  0%| F|  |TAMS 0x0000000087e00000, 0x0000000087e00000| Untracked 
|  91|0x0000000087f00000, 0x0000000087f00000, 0x0000000088000000|  0%| F|  |TAMS 0x0000000087f00000, 0x0000000087f00000| Untracked 
|  92|0x0000000088000000, 0x0000000088000000, 0x0000000088100000|  0%| F|  |TAMS 0x0000000088000000, 0x0000000088000000| Untracked 
|  93|0x0000000088100000, 0x0000000088100000, 0x0000000088200000|  0%| F|  |TAMS 0x0000000088100000, 0x0000000088100000| Untracked 
|  94|0x0000000088200000, 0x0000000088200000, 0x0000000088300000|  0%| F|  |TAMS 0x0000000088200000, 0x0000000088200000| Untracked 
|  95|0x0000000088300000, 0x0000000088300000, 0x0000000088400000|  0%| F|  |TAMS 0x0000000088300000, 0x0000000088300000| Untracked 
|  96|0x0000000088400000, 0x0000000088400000, 0x0000000088500000|  0%| F|  |TAMS 0x0000000088400000, 0x0000000088400000| Untracked 
|  97|0x0000000088500000, 0x0000000088500000, 0x0000000088600000|  0%| F|  |TAMS 0x0000000088500000, 0x0000000088500000| Untracked 
|  98|0x0000000088600000, 0x0000000088600000, 0x0000000088700000|  0%| F|  |TAMS 0x0000000088600000, 0x0000000088600000| Untracked 
|  99|0x0000000088700000, 0x0000000088700000, 0x0000000088800000|  0%| F|  |TAMS 0x0000000088700000, 0x0000000088700000| Untracked 
| 100|0x0000000088800000, 0x0000000088800000, 0x0000000088900000|  0%| F|  |TAMS 0x0000000088800000, 0x0000000088800000| Untracked 
| 101|0x0000000088900000, 0x0000000088900000, 0x0000000088a00000|  0%| F|  |TAMS 0x0000000088900000, 0x0000000088900000| Untracked 
| 102|0x0000000088a00000, 0x0000000088a00000, 0x0000000088b00000|  0%| F|  |TAMS 0x0000000088a00000, 0x0000000088a00000| Untracked 
| 103|0x0000000088b00000, 0x0000000088b00000, 0x0000000088c00000|  0%| F|  |TAMS 0x0000000088b00000, 0x0000000088b00000| Untracked 
| 104|0x0000000088c00000, 0x0000000088c00000, 0x0000000088d00000|  0%| F|  |TAMS 0x0000000088c00000, 0x0000000088c00000| Untracked 
| 105|0x0000000088d00000, 0x0000000088d00000, 0x0000000088e00000|  0%| F|  |TAMS 0x0000000088d00000, 0x0000000088d00000| Untracked 
| 106|0x0000000088e00000, 0x0000000088e00000, 0x0000000088f00000|  0%| F|  |TAMS 0x0000000088e00000, 0x0000000088e00000| Untracked 
| 107|0x0000000088f00000, 0x0000000088f00000, 0x0000000089000000|  0%| F|  |TAMS 0x0000000088f00000, 0x0000000088f00000| Untracked 
| 108|0x0000000089000000, 0x0000000089000000, 0x0000000089100000|  0%| F|  |TAMS 0x0000000089000000, 0x0000000089000000| Untracked 
| 109|0x0000000089100000, 0x0000000089100000, 0x0000000089200000|  0%| F|  |TAMS 0x0000000089100000, 0x0000000089100000| Untracked 
| 110|0x0000000089200000, 0x0000000089200000, 0x0000000089300000|  0%| F|  |TAMS 0x0000000089200000, 0x0000000089200000| Untracked 
| 111|0x0000000089300000, 0x0000000089300000, 0x0000000089400000|  0%| F|  |TAMS 0x0000000089300000, 0x0000000089300000| Untracked 
| 112|0x0000000089400000, 0x0000000089400000, 0x0000000089500000|  0%| F|  |TAMS 0x0000000089400000, 0x0000000089400000| Untracked 
| 113|0x0000000089500000, 0x0000000089500000, 0x0000000089600000|  0%| F|  |TAMS 0x0000000089500000, 0x0000000089500000| Untracked 
| 114|0x0000000089600000, 0x0000000089600000, 0x0000000089700000|  0%| F|  |TAMS 0x0000000089600000, 0x0000000089600000| Untracked 
| 115|0x0000000089700000, 0x0000000089700000, 0x0000000089800000|  0%| F|  |TAMS 0x0000000089700000, 0x0000000089700000| Untracked 
| 116|0x0000000089800000, 0x0000000089843108, 0x0000000089900000| 26%| E|  |TAMS 0x0000000089800000, 0x0000000089800000| Complete 
| 117|0x0000000089900000, 0x0000000089a00000, 0x0000000089a00000|100%| E|CS|TAMS 0x0000000089900000, 0x0000000089900000| Complete 
| 118|0x0000000089a00000, 0x0000000089b00000, 0x0000000089b00000|100%| E|CS|TAMS 0x0000000089a00000, 0x0000000089a00000| Complete 
| 119|0x0000000089b00000, 0x0000000089c00000, 0x0000000089c00000|100%| E|CS|TAMS 0x0000000089b00000, 0x0000000089b00000| Complete 
| 120|0x0000000089c00000, 0x0000000089d00000, 0x0000000089d00000|100%| E|CS|TAMS 0x0000000089c00000, 0x0000000089c00000| Complete 
| 121|0x0000000089d00000, 0x0000000089e00000, 0x0000000089e00000|100%| E|CS|TAMS 0x0000000089d00000, 0x0000000089d00000| Complete 
| 122|0x0000000089e00000, 0x0000000089f00000, 0x0000000089f00000|100%| E|CS|TAMS 0x0000000089e00000, 0x0000000089e00000| Complete 
| 123|0x0000000089f00000, 0x000000008a000000, 0x000000008a000000|100%| E|CS|TAMS 0x0000000089f00000, 0x0000000089f00000| Complete 
| 124|0x000000008a000000, 0x000000008a100000, 0x000000008a100000|100%| E|CS|TAMS 0x000000008a000000, 0x000000008a000000| Complete 
| 125|0x000000008a100000, 0x000000008a200000, 0x000000008a200000|100%| E|CS|TAMS 0x000000008a100000, 0x000000008a100000| Complete 

Card table byte_map: [0x0000019edc1a0000,0x0000019edc590000] _byte_map_base: 0x0000019edbd8e000

Marking Bits (Prev, Next): (CMBitMap*) 0x0000019ec566f5e0, (CMBitMap*) 0x0000019ec566f620
 Prev Bits: [0x0000019edc980000, 0x0000019ede8f0000)
 Next Bits: [0x0000019ede8f0000, 0x0000019ee0860000)

Polling page: 0x0000019ec3600000

Metaspace:

Usage:
  Non-class:      8.46 MB used.
      Class:      1.07 MB used.
       Both:      9.53 MB used.

Virtual space:
  Non-class space:       16.00 MB reserved,       8.56 MB ( 54%) committed,  2 nodes.
      Class space:        1.00 GB reserved,       1.19 MB ( <1%) committed,  1 nodes.
              Both:        1.02 GB reserved,       9.75 MB ( <1%) committed. 

Chunk freelists:
   Non-Class:  3.00 MB
       Class:  2.74 MB
        Both:  5.73 MB

MaxMetaspaceSize: 17179869184.00 GB
CompressedClassSpaceSize: 1.00 GB
 - commit_granule_bytes: 65536.
 - commit_granule_words: 8192.
 - virtual_space_node_default_size: 1048576.
 - enlarge_chunks_in_place: 1.
 - new_chunks_are_fully_committed: 0.
 - uncommit_free_chunks: 1.
 - use_allocation_guard: 0.
 - handle_deallocations: 1.


Internal statistics:

num_allocs_failed_limit: 0.
num_arena_births: 116.
num_arena_deaths: 0.
num_vsnodes_births: 3.
num_vsnodes_deaths: 0.
num_space_committed: 156.
num_space_uncommitted: 0.
num_chunks_returned_to_freelist: 0.
num_chunks_taken_from_freelist: 157.
num_chunk_merges: 0.
num_chunk_splits: 95.
num_chunks_enlarged: 52.
num_purges: 0.

CodeHeap 'non-profiled nmethods': size=120000Kb used=306Kb max_used=306Kb free=119693Kb
 bounds [0x0000019ed4880000, 0x0000019ed4af0000, 0x0000019edbdb0000]
CodeHeap 'profiled nmethods': size=120000Kb used=1575Kb max_used=1575Kb free=118424Kb
 bounds [0x0000019ecd350000, 0x0000019ecd5c0000, 0x0000019ed4880000]
CodeHeap 'non-nmethods': size=5760Kb used=1308Kb max_used=1331Kb free=4451Kb
 bounds [0x0000019eccdb0000, 0x0000019ecd020000, 0x0000019ecd350000]
 total_blobs=1631 nmethods=992 adapters=552
 compilation: enabled
              stopped_count=0, restarted_count=0
 full_count=0

Compilation events (20 events):
Event: 7.659 Thread 0x0000019ee2cf0010  981       3       jdk.internal.ref.CleanerFactory::cleaner (4 bytes)
Event: 7.660 Thread 0x0000019ee2cf0010 nmethod 981 0x0000019ecd4d6410 code [0x0000019ecd4d65a0, 0x0000019ecd4d6698]
Event: 7.718 Thread 0x0000019ee2cf0010  982       3       java.io.RandomAccessFile::seek (22 bytes)
Event: 7.718 Thread 0x0000019ee2cf0010 nmethod 982 0x0000019ecd4d6710 code [0x0000019ecd4d68e0, 0x0000019ecd4d6b38]
Event: 7.719 Thread 0x0000019ee2cf0010  984       3       java.awt.Component::getParent (5 bytes)
Event: 7.720 Thread 0x0000019ee2cf0010 nmethod 984 0x0000019ecd4d6c10 code [0x0000019ecd4d6da0, 0x0000019ecd4d6eb8]
Event: 7.722 Thread 0x0000019ee2cf0010  985       3       java.util.concurrent.ConcurrentHashMap$EntryIterator::next (5 bytes)
Event: 7.722 Thread 0x0000019ee2cf0010 nmethod 985 0x0000019ecd4d6f90 code [0x0000019ecd4d7140, 0x0000019ecd4d7288]
Event: 7.723 Thread 0x0000019ee2cf0010  986       3       java.util.concurrent.ConcurrentHashMap$EntryIterator::next (51 bytes)
Event: 7.723 Thread 0x0000019ee2cf0010 nmethod 986 0x0000019ecd4d7310 code [0x0000019ecd4d7500, 0x0000019ecd4d79b8]
Event: 7.723 Thread 0x0000019ee2cf0010  987       3       sun.java2d.marlin.MarlinTileGenerator::getAlpha (28 bytes)
Event: 7.724 Thread 0x0000019ee2cee5e0  988 %     4       sun.java2d.marlin.MarlinCache::copyAARowRLE_WithBlockFlags @ 269 (733 bytes)
Event: 7.724 Thread 0x0000019ee2cf0010 nmethod 987 0x0000019ecd4d7b90 code [0x0000019ecd4d7d60, 0x0000019ecd4d7f58]
Event: 7.732 Thread 0x0000019ee2cf0010  989       3       sun.java2d.pipe.AlphaColorPipe::renderPathTile (39 bytes)
Event: 7.738 Thread 0x0000019ee2cf0010 nmethod 989 0x0000019ecd4d8090 code [0x0000019ecd4d8240, 0x0000019ecd4d8528]
Event: 7.750 Thread 0x0000019ee2cf0010  991       3       sun.java2d.marlin.DRenderer::addLine (538 bytes)
Event: 7.754 Thread 0x0000019ee2cf0010 nmethod 991 0x0000019ecd4d8690 code [0x0000019ecd4d8920, 0x0000019ecd4d95b8]
Event: 7.940 Thread 0x0000019ee2cee5e0 nmethod 988% 0x0000019ed48c9010 code [0x0000019ed48c9200, 0x0000019ed48cae78]
Event: 7.940 Thread 0x0000019ee2cee5e0  992       4       sun.java2d.marlin.MarlinCache::touchTile (163 bytes)
Event: 7.956 Thread 0x0000019ee2cee5e0 nmethod 992 0x0000019ed48cc310 code [0x0000019ed48cc4a0, 0x0000019ed48cc7b8]

GC Heap History (0 events):
No events

Deoptimization events (20 events):
Event: 1.630 Thread 0x0000019ee2ce6430 DEOPT PACKING pc=0x0000019ecd485132 sp=0x0000008d288fd000
Event: 1.630 Thread 0x0000019ee2ce6430 DEOPT UNPACKING pc=0x0000019eccdfdece sp=0x0000008d288fc4b8 mode 0
Event: 1.631 Thread 0x0000019ee2ce6430 DEOPT PACKING pc=0x0000019ecd485132 sp=0x0000008d288fd000
Event: 1.631 Thread 0x0000019ee2ce6430 DEOPT UNPACKING pc=0x0000019eccdfdece sp=0x0000008d288fc4b8 mode 0
Event: 1.633 Thread 0x0000019ee2ce6430 DEOPT PACKING pc=0x0000019ecd485132 sp=0x0000008d288fd000
Event: 1.633 Thread 0x0000019ee2ce6430 DEOPT UNPACKING pc=0x0000019eccdfdece sp=0x0000008d288fc4b8 mode 0
Event: 1.633 Thread 0x0000019ee2ce6430 DEOPT PACKING pc=0x0000019ecd485132 sp=0x0000008d288fd000
Event: 1.633 Thread 0x0000019ee2ce6430 DEOPT UNPACKING pc=0x0000019eccdfdece sp=0x0000008d288fc4b8 mode 0
Event: 1.634 Thread 0x0000019ee2ce6430 DEOPT PACKING pc=0x0000019ecd485132 sp=0x0000008d288fd000
Event: 1.634 Thread 0x0000019ee2ce6430 DEOPT UNPACKING pc=0x0000019eccdfdece sp=0x0000008d288fc4b8 mode 0
Event: 1.635 Thread 0x0000019ee2ce6430 DEOPT PACKING pc=0x0000019ecd485132 sp=0x0000008d288fd000
Event: 1.635 Thread 0x0000019ee2ce6430 DEOPT UNPACKING pc=0x0000019eccdfdece sp=0x0000008d288fc4b8 mode 0
Event: 1.636 Thread 0x0000019ee2ce6430 DEOPT PACKING pc=0x0000019ecd485132 sp=0x0000008d288fd000
Event: 1.636 Thread 0x0000019ee2ce6430 DEOPT UNPACKING pc=0x0000019eccdfdece sp=0x0000008d288fc4b8 mode 0
Event: 1.637 Thread 0x0000019ee2ce6430 DEOPT PACKING pc=0x0000019ecd485132 sp=0x0000008d288fcf10
Event: 1.637 Thread 0x0000019ee2ce6430 DEOPT UNPACKING pc=0x0000019eccdfdece sp=0x0000008d288fc3c8 mode 0
Event: 1.638 Thread 0x0000019ee2ce6430 DEOPT PACKING pc=0x0000019ecd485132 sp=0x0000008d288fcf80
Event: 1.638 Thread 0x0000019ee2ce6430 DEOPT UNPACKING pc=0x0000019eccdfdece sp=0x0000008d288fc3f8 mode 0
Event: 1.639 Thread 0x0000019ee2ce6430 DEOPT PACKING pc=0x0000019ecd485132 sp=0x0000008d288fcf80
Event: 1.639 Thread 0x0000019ee2ce6430 DEOPT UNPACKING pc=0x0000019eccdfdece sp=0x0000008d288fc3f8 mode 0

Classes unloaded (0 events):
No events

Classes redefined (0 events):
No events

Internal exceptions (20 events):
Event: 0.731 Thread 0x0000019ec562fec0 Exception <a 'java/lang/ClassNotFoundException'{0x0000000089c255d0}: EditorPane> (0x0000000089c255d0) 
thrown [t:\workspace\open\src\hotspot\share\classfile\systemDictionary.cpp, line 256]
Event: 0.732 Thread 0x0000019ec562fec0 Exception <a 'java/lang/ClassNotFoundException'{0x0000000089c25f30}: ToolBar> (0x0000000089c25f30) 
thrown [t:\workspace\open\src\hotspot\share\classfile\systemDictionary.cpp, line 256]
Event: 0.732 Thread 0x0000019ec562fec0 Exception <a 'java/lang/ClassNotFoundException'{0x0000000089c26428}: ToolBar> (0x0000000089c26428) 
thrown [t:\workspace\open\src\hotspot\share\classfile\systemDictionary.cpp, line 256]
Event: 0.732 Thread 0x0000019ec562fec0 Exception <a 'java/lang/ClassNotFoundException'{0x0000000089c26788}: Button> (0x0000000089c26788) 
thrown [t:\workspace\open\src\hotspot\share\classfile\systemDictionary.cpp, line 256]
Event: 0.732 Thread 0x0000019ec562fec0 Exception <a 'java/lang/ClassNotFoundException'{0x0000000089c26c50}: ToolBar> (0x0000000089c26c50) 
thrown [t:\workspace\open\src\hotspot\share\classfile\systemDictionary.cpp, line 256]
Event: 0.732 Thread 0x0000019ec562fec0 Exception <a 'java/lang/ClassNotFoundException'{0x0000000089c26fc0}: ToggleButton> (0x0000000089c26fc0) 
thrown [t:\workspace\open\src\hotspot\share\classfile\systemDictionary.cpp, line 256]
Event: 0.732 Thread 0x0000019ec562fec0 Exception <a 'java/lang/ClassNotFoundException'{0x0000000089c27400}: javax/swing/JToolBarSeparator> (0x0000000089c27400) 
thrown [t:\workspace\open\src\hotspot\share\classfile\systemDictionary.cpp, line 256]
Event: 0.732 Thread 0x0000019ec562fec0 Exception <a 'java/lang/ClassNotFoundException'{0x0000000089c27708}: ToolBarSeparator> (0x0000000089c27708) 
thrown [t:\workspace\open\src\hotspot\share\classfile\systemDictionary.cpp, line 256]
Event: 0.733 Thread 0x0000019ec562fec0 Exception <a 'java/lang/ClassNotFoundException'{0x0000000089c27c20}: ToolTip> (0x0000000089c27c20) 
thrown [t:\workspace\open\src\hotspot\share\classfile\systemDictionary.cpp, line 256]
Event: 0.735 Thread 0x0000019ec562fec0 Exception <a 'java/lang/ClassNotFoundException'{0x0000000089c28570}: Tree> (0x0000000089c28570) 
thrown [t:\workspace\open\src\hotspot\share\classfile\systemDictionary.cpp, line 256]
Event: 0.735 Thread 0x0000019ec562fec0 Exception <a 'java/lang/ClassNotFoundException'{0x0000000089c28a68}: Tree> (0x0000000089c28a68) 
thrown [t:\workspace\open\src\hotspot\share\classfile\systemDictionary.cpp, line 256]
Event: 0.736 Thread 0x0000019ec562fec0 Exception <a 'java/lang/ClassNotFoundException'{0x0000000089c28dd8}: javax/swing/JTreeCell> (0x0000000089c28dd8) 
thrown [t:\workspace\open\src\hotspot\share\classfile\systemDictionary.cpp, line 256]
Event: 0.736 Thread 0x0000019ec562fec0 Exception <a 'java/lang/ClassNotFoundException'{0x0000000089c290d8}: TreeCell> (0x0000000089c290d8) 
thrown [t:\workspace\open\src\hotspot\share\classfile\systemDictionary.cpp, line 256]
Event: 0.736 Thread 0x0000019ec562fec0 Exception <a 'java/lang/ClassNotFoundException'{0x0000000089c297e8}: RootPane> (0x0000000089c297e8) 
thrown [t:\workspace\open\src\hotspot\share\classfile\systemDictionary.cpp, line 256]
Event: 0.740 Thread 0x0000019ec562fec0 Exception <a 'java/lang/ClassNotFoundException'{0x0000000089c2c638}: com/sun/swing/internal/plaf/metal/resources/spi/metalProvider> (0x0000000089c2c638) 
thrown [t:\workspace\open\src\hotspot\share\classfile\systemDictionary.cpp, line 256]
Event: 0.741 Thread 0x0000019ec562fec0 Exception <a 'java/lang/ClassNotFoundException'{0x0000000089c303c8}: com/sun/swing/internal/plaf/basic/resources/spi/basicProvider> (0x0000000089c303c8) 
thrown [t:\workspace\open\src\hotspot\share\classfile\systemDictionary.cpp, line 256]
Event: 0.788 Thread 0x0000019ee2ce6430 Exception <a 'java/lang/ClassNotFoundException'{0x0000000089c9a550}: com/sun/swing/internal/plaf/synth/resources/spi/synthProvider> (0x0000000089c9a550) 
thrown [t:\workspace\open\src\hotspot\share\classfile\systemDictionary.cpp, line 256]
Event: 0.879 Thread 0x0000019ee2ce8960 Exception <a 'java/lang/NoSuchMethodError'{0x0000000089e94fa0}: 'void java.lang.invoke.DirectMethodHandle$Holder.invokeVirtual(java.lang.Object, java.lang.Object)'> (0x0000000089e94fa0) 
thrown [t:\workspace\open\src\hotspot\share\interpreter\linkResolver.cpp, line 790]
Event: 0.907 Thread 0x0000019ee2ce6430 Exception <a 'java/lang/NoSuchMethodError'{0x0000000089b60308}: 'void java.lang.invoke.DirectMethodHandle$Holder.invokeStaticInit(java.lang.Object)'> (0x0000000089b60308) 
thrown [t:\workspace\open\src\hotspot\share\interpreter\linkResolver.cpp, line 790]
Event: 2.478 Thread 0x0000019ee2ce5990 Exception <a 'java/lang/NoSuchMethodError'{0x0000000089985400}: 'java.lang.Object java.lang.invoke.DirectMethodHandle$Holder.invokeStaticInit(java.lang.Object, java.lang.Object, int, int, int, int)'> (0x0000000089985400) 
thrown [t:\workspace\open\src\hotspot\share\interpreter\linkResolver.cpp, line 790]

Events (20 events):
Event: 3.362 Executing  VM operation: Cleanup
Event: 3.362 Executing  VM operation: Cleanup done
Event: 4.362 Executing  VM operation: Cleanup
Event: 4.363 Executing  VM operation: Cleanup done
Event: 4.363 loading class java/awt/LightweightDispatcher$2
Event: 4.364 loading class java/awt/LightweightDispatcher$2 done
Event: 5.363 Executing  VM operation: Cleanup
Event: 5.363 Executing  VM operation: Cleanup done
Event: 7.769 Thread 0x0000019ee2ce5ee0 Thread added: 0x0000019ee2ce5ee0
Event: 7.769 Thread 0x0000019ee3a8aa00 Thread added: 0x0000019ee3a8aa00
Event: 7.769 Thread 0x0000019ee3a89a10 Thread added: 0x0000019ee3a89a10
Event: 7.816 loading class java/util/WeakHashMap$KeyIterator
Event: 7.817 loading class java/util/WeakHashMap$HashIterator
Event: 7.817 loading class java/util/WeakHashMap$HashIterator done
Event: 7.817 loading class java/util/WeakHashMap$KeyIterator done
Event: 7.818 Thread 0x0000019ee2ce5ee0 Thread exited: 0x0000019ee2ce5ee0
Event: 7.853 Thread 0x0000019ee2ce8960 Thread exited: 0x0000019ee2ce8960
Event: 7.949 Thread 0x0000019ee3a8aa00 Thread exited: 0x0000019ee3a8aa00
Event: 8.004 Thread 0x0000019ee3a89a10 Thread exited: 0x0000019ee3a89a10
Event: 8.004 Executing  VM operation: Exit


Dynamic libraries:
0x00007ff60fc20000 - 0x00007ff60fc30000 	C:\Program Files\Java\jdk-16.0.2\bin\java.exe
0x00007ff9eb430000 - 0x00007ff9eb628000 	C:\Windows\SYSTEM32\ntdll.dll
0x00007ff9ea3e0000 - 0x00007ff9ea49d000 	C:\Windows\System32\KERNEL32.DLL
0x00007ff9e8cd0000 - 0x00007ff9e8fc6000 	C:\Windows\System32\KERNELBASE.dll
0x00007ff9e8b00000 - 0x00007ff9e8c00000 	C:\Windows\System32\ucrtbase.dll
0x00007ff9d64b0000 - 0x00007ff9d64c9000 	C:\Program Files\Java\jdk-16.0.2\bin\VCRUNTIME140.dll
0x00007ff9d6680000 - 0x00007ff9d6698000 	C:\Program Files\Java\jdk-16.0.2\bin\jli.dll
0x00007ff9ea250000 - 0x00007ff9ea303000 	C:\Windows\System32\ADVAPI32.dll
0x00007ff9eaa90000 - 0x00007ff9eab2e000 	C:\Windows\System32\msvcrt.dll
0x00007ff9ea1b0000 - 0x00007ff9ea24f000 	C:\Windows\System32\sechost.dll
0x00007ff9eb240000 - 0x00007ff9eb366000 	C:\Windows\System32\RPCRT4.dll
0x00007ff9e91f0000 - 0x00007ff9e9217000 	C:\Windows\System32\bcrypt.dll
0x00007ff9ea8f0000 - 0x00007ff9eaa8e000 	C:\Windows\System32\USER32.dll
0x00007ff9e8c00000 - 0x00007ff9e8c22000 	C:\Windows\System32\win32u.dll
0x00007ff9eafa0000 - 0x00007ff9eafcc000 	C:\Windows\System32\GDI32.dll
0x00007ff9d6860000 - 0x00007ff9d6afa000 	C:\Windows\WinSxS\amd64_microsoft.windows.common-controls_6595b64144ccf1df_6.0.19041.3636_none_60b6a03d71f818d5\COMCTL32.dll
0x00007ff9e8fd0000 - 0x00007ff9e90ea000 	C:\Windows\System32\gdi32full.dll
0x00007ff9e8c30000 - 0x00007ff9e8ccd000 	C:\Windows\System32\msvcp_win.dll
0x00007ff9d4b70000 - 0x00007ff9d4b7a000 	C:\Windows\SYSTEM32\VERSION.dll
0x00007ff9ea580000 - 0x00007ff9ea5b0000 	C:\Windows\System32\IMM32.DLL
0x00007ff9e3d80000 - 0x00007ff9e3d8c000 	C:\Program Files\Java\jdk-16.0.2\bin\vcruntime140_1.dll
0x00007ff9c5a50000 - 0x00007ff9c5ae1000 	C:\Program Files\Java\jdk-16.0.2\bin\msvcp140.dll
0x00007ff9709a0000 - 0x00007ff97154b000 	C:\Program Files\Java\jdk-16.0.2\bin\server\jvm.dll
0x00007ff9eb3e0000 - 0x00007ff9eb3e8000 	C:\Windows\System32\PSAPI.DLL
0x00007ff9b86a0000 - 0x00007ff9b86a9000 	C:\Windows\SYSTEM32\WSOCK32.dll
0x00007ff9e2a60000 - 0x00007ff9e2a87000 	C:\Windows\SYSTEM32\WINMM.dll
0x00007ff9eb370000 - 0x00007ff9eb3db000 	C:\Windows\System32\WS2_32.dll
0x00007ff9e7330000 - 0x00007ff9e7342000 	C:\Windows\SYSTEM32\kernel.appcore.dll
0x00007ff9e3a70000 - 0x00007ff9e3a7a000 	C:\Program Files\Java\jdk-16.0.2\bin\jimage.dll
0x00007ff9d34c0000 - 0x00007ff9d36a4000 	C:\Windows\SYSTEM32\DBGHELP.DLL
0x00007ff9d3290000 - 0x00007ff9d32c4000 	C:\Windows\SYSTEM32\dbgcore.DLL
0x00007ff9e9290000 - 0x00007ff9e9312000 	C:\Windows\System32\bcryptPrimitives.dll
0x00007ff9c6310000 - 0x00007ff9c6335000 	C:\Program Files\Java\jdk-16.0.2\bin\java.dll
0x00007ff9e9910000 - 0x00007ff9ea055000 	C:\Windows\System32\SHELL32.dll
0x00007ff9e6130000 - 0x00007ff9e68cb000 	C:\Windows\SYSTEM32\windows.storage.dll
0x00007ff9e95b0000 - 0x00007ff9e9904000 	C:\Windows\System32\combase.dll
0x00007ff9e8450000 - 0x00007ff9e847d000 	C:\Windows\SYSTEM32\Wldp.dll
0x00007ff9ea610000 - 0x00007ff9ea6bd000 	C:\Windows\System32\SHCORE.dll
0x00007ff9eb0f0000 - 0x00007ff9eb145000 	C:\Windows\System32\shlwapi.dll
0x00007ff9e8a30000 - 0x00007ff9e8a55000 	C:\Windows\SYSTEM32\profapi.dll
0x00007ff9d6240000 - 0x00007ff9d6259000 	C:\Program Files\Java\jdk-16.0.2\bin\net.dll
0x00007ff9deb80000 - 0x00007ff9dec8a000 	C:\Windows\SYSTEM32\WINHTTP.dll
0x00007ff9e8230000 - 0x00007ff9e829a000 	C:\Windows\system32\mswsock.dll
0x00007ff9d5eb0000 - 0x00007ff9d5ec3000 	C:\Program Files\Java\jdk-16.0.2\bin\nio.dll
0x00007ff9d5010000 - 0x00007ff9d5028000 	C:\Program Files\Java\jdk-16.0.2\bin\zip.dll
0x00007ff9b6880000 - 0x00007ff9b6a00000 	C:\Program Files\Java\jdk-16.0.2\bin\awt.dll
0x00007ff9eb150000 - 0x00007ff9eb21d000 	C:\Windows\System32\OLEAUT32.dll
0x00007ff9e5800000 - 0x00007ff9e5890000 	C:\Windows\SYSTEM32\apphelp.dll
0x00007ff9afaa0000 - 0x00007ff9b0443000 	C:\Users\LENOVO\Documents\NetBeansProjects\CBT test\src\folder\opencv_java249.dll
0x00007ff9e9480000 - 0x00007ff9e95ab000 	C:\Windows\System32\ole32.dll
0x00007ff9e7250000 - 0x00007ff9e7271000 	C:\Windows\SYSTEM32\AVIFIL32.dll
0x00007ff9cc430000 - 0x00007ff9cc45b000 	C:\Windows\SYSTEM32\MSVFW32.dll
0x00007ff9e7220000 - 0x00007ff9e7239000 	C:\Windows\SYSTEM32\AVICAP32.dll
0x00007ff9d5bb0000 - 0x00007ff9d5bce000 	C:\Windows\SYSTEM32\MSACM32.dll
0x00007ff9bbc20000 - 0x00007ff9bbc46000 	C:\Windows\SYSTEM32\winmmbase.dll
0x00007ff9e58f0000 - 0x00007ff9e598e000 	C:\Windows\system32\uxtheme.dll
0x00007ff9eafd0000 - 0x00007ff9eb0e4000 	C:\Windows\System32\MSCTF.dll
0x00007ff9e5bc0000 - 0x00007ff9e5bef000 	C:\Windows\system32\DWMAPI.DLL
0x00007ff9c59c0000 - 0x00007ff9c5a49000 	C:\Program Files\Java\jdk-16.0.2\bin\freetype.dll
0x00007ff9b5220000 - 0x00007ff9b5316000 	C:\Program Files\Java\jdk-16.0.2\bin\harfbuzz.dll
0x00007ff9d13f0000 - 0x00007ff9d1402000 	C:\Program Files\Java\jdk-16.0.2\bin\fontmanager.dll
0x00007ff9b4990000 - 0x00007ff9b4ab5000 	C:\Windows\system32\opengl32.dll
0x00007ff9c6270000 - 0x00007ff9c629c000 	C:\Windows\SYSTEM32\GLU32.dll
0x00007ff9ea060000 - 0x00007ff9ea109000 	C:\Windows\System32\clbcatq.dll
0x00007ff9e1a50000 - 0x00007ff9e1a6d000 	C:\Windows\System32\devenum.dll
0x00007ff9e91a0000 - 0x00007ff9e91ee000 	C:\Windows\System32\CFGMGR32.dll
0x00007ff9eab30000 - 0x00007ff9eaf9e000 	C:\Windows\System32\setupapi.dll
0x00007ff9e7c50000 - 0x00007ff9e7c83000 	C:\Windows\SYSTEM32\ntmarta.dll
0x00007ff9e8890000 - 0x00007ff9e88c3000 	C:\Windows\SYSTEM32\DEVOBJ.dll
0x00007ff9e9220000 - 0x00007ff9e9287000 	C:\Windows\System32\WINTRUST.dll
0x00007ff9e9320000 - 0x00007ff9e947d000 	C:\Windows\System32\CRYPT32.dll
0x00007ff9e86c0000 - 0x00007ff9e86d2000 	C:\Windows\SYSTEM32\MSASN1.dll
0x00007ff9e3ed0000 - 0x00007ff9e3edb000 	C:\Windows\SYSTEM32\msdmo.dll
0x00007ff9cc3f0000 - 0x00007ff9cc426000 	C:\Windows\System32\qcap.dll
0x00007ff9bb190000 - 0x00007ff9bb360000 	C:\Windows\System32\quartz.dll
0x00007ff9c8bd0000 - 0x00007ff9c8c1d000 	C:\Windows\System32\mfksproxy.dll
0x00007ff9bef50000 - 0x00007ff9bef6d000 	C:\Windows\System32\ATL.DLL
0x00007ff9e2790000 - 0x00007ff9e294b000 	C:\Windows\System32\MFPlat.DLL
0x00007ff9e26c0000 - 0x00007ff9e26f4000 	C:\Windows\System32\RTWorkQ.DLL
0x00007ff9ac670000 - 0x00007ff9acafe000 	C:\Windows\System32\MFCORE.dll
0x00007ff9e8010000 - 0x00007ff9e805b000 	C:\Windows\SYSTEM32\powrprof.dll
0x00007ff9e3200000 - 0x00007ff9e3209000 	C:\Windows\System32\ksuser.dll
0x00007ff9e83c0000 - 0x00007ff9e83cc000 	C:\Windows\System32\CRYPTBASE.DLL
0x00007ff9e7ed0000 - 0x00007ff9e7ee2000 	C:\Windows\SYSTEM32\UMPDC.dll
0x00007ff9c7c20000 - 0x00007ff9c7c8d000 	C:\Windows\System32\FrameServerClient.dll
0x00007ff9c7bb0000 - 0x00007ff9c7c17000 	C:\Windows\System32\MFSENSORGROUP.dll
0x00007ff9e26b0000 - 0x00007ff9e26ba000 	C:\Windows\System32\AVRT.dll
0x00007ff9e71e0000 - 0x00007ff9e71ed000 	C:\Windows\System32\vidcap.ax
0x00007ff9cc3c0000 - 0x00007ff9cc3e7000 	C:\Windows\System32\kswdmcap.ax
0x00007ff9baf20000 - 0x00007ff9bb08c000 	C:\Windows\System32\MFC42.dll
0x00007ff9b9fa0000 - 0x00007ff9ba0aa000 	C:\Windows\System32\MFReadWrite.dll
0x00007ff9ba5c0000 - 0x00007ff9ba668000 	C:\Windows\System32\qedit.dll
0x00007ff9ea4a0000 - 0x00007ff9ea57a000 	C:\Windows\System32\COMDLG32.dll
0x00007ff9d1510000 - 0x00007ff9d16b5000 	C:\Windows\WinSxS\amd64_microsoft.windows.gdiplus_6595b64144ccf1df_1.1.19041.3636_none_91a19322cc8a92a3\gdiplus.dll
0x00007ff9b92b0000 - 0x00007ff9b93ab000 	C:\Windows\System32\DDRAW.dll
0x00007ff9e7190000 - 0x00007ff9e7199000 	C:\Windows\System32\DCIMAN32.dll
0x00007ff9e7370000 - 0x00007ff9e7463000 	C:\Windows\System32\dxgi.dll
0x00007ff9df180000 - 0x00007ff9df1bb000 	C:\Windows\SYSTEM32\dxcore.dll
0x00007ff9dcee0000 - 0x00007ff9dcfd9000 	C:\Windows\SYSTEM32\textinputframework.dll
0x00007ff9e55c0000 - 0x00007ff9e56b2000 	C:\Windows\System32\CoreMessaging.dll
0x00007ff9e5260000 - 0x00007ff9e55bb000 	C:\Windows\System32\CoreUIComponents.dll
0x00007ff9e4b90000 - 0x00007ff9e4ce5000 	C:\Windows\SYSTEM32\wintypes.dll
0x00007ff9bc960000 - 0x00007ff9bcc55000 	C:\Windows\System32\uiautomationcore.dll
0x00007ff9e3680000 - 0x00007ff9e3776000 	C:\Windows\System32\PROPSYS.dll
0x00007ff9e2180000 - 0x00007ff9e21e6000 	C:\Windows\System32\OLEACC.dll
0x00007ff9e8490000 - 0x00007ff9e84a8000 	C:\Windows\SYSTEM32\CRYPTSP.dll
0x00007ff9e7b10000 - 0x00007ff9e7b44000 	C:\Windows\system32\rsaenh.dll
0x00007ff9e89f0000 - 0x00007ff9e8a1e000 	C:\Windows\SYSTEM32\USERENV.dll
0x00007ff9e7ef0000 - 0x00007ff9e7f2b000 	C:\Windows\SYSTEM32\IPHLPAPI.DLL
0x00007ff9ea1a0000 - 0x00007ff9ea1a8000 	C:\Windows\System32\NSI.dll
0x00007ff9df9f0000 - 0x00007ff9dfa07000 	C:\Windows\SYSTEM32\dhcpcsvc6.DLL
0x00007ff9e0e80000 - 0x00007ff9e0e9d000 	C:\Windows\SYSTEM32\dhcpcsvc.DLL
0x00007ff9e7f30000 - 0x00007ff9e7ffa000 	C:\Windows\SYSTEM32\DNSAPI.dll

dbghelp: loaded successfully - version: 4.0.5 - missing functions: none
symbol engine: initialized successfully - sym options: 0x614 - pdb path: .;C:\Program Files\Java\jdk-16.0.2\bin;C:\Windows\SYSTEM32;C:\Windows\WinSxS\amd64_microsoft.windows.common-controls_6595b64144ccf1df_6.0.19041.3636_none_60b6a03d71f818d5;C:\Program Files\Java\jdk-16.0.2\bin\server;C:\Users\LENOVO\Documents\NetBeansProjects\CBT test\src\folder;C:\Windows\WinSxS\amd64_microsoft.windows.gdiplus_6595b64144ccf1df_1.1.19041.3636_none_91a19322cc8a92a3

VM Arguments:
jvm_args: -Dfile.encoding=UTF-8 --module-path=C:\Users\LENOVO\Documents\NetBeansProjects\ExamProjectKarol\build\classes 
java_command: examprojectkarol.Webcam
java_class_path (initial): C:\Users\LENOVO\Downloads\jcalendar-1.4.jar\jcalendar-1.4.jar;C:\Users\LENOVO\Downloads\mysql-connector-j-8.0.31.jar;C:\Users\LENOVO\Downloads\Email;C:\Users\LENOVO\Downloads\Email\Email\jakarta.activation-1.2.1.jar;C:\Users\LENOVO\Downloads\Email\Email\jakarta.mail-1.6.7.jar;C:\Users\LENOVO\Downloads\JavaCVDriver (1);C:\Users\LENOVO\Downloads\JavaCVDriver (1)\required\opencv-249.jar;C:\Users\LENOVO\Documents\NetBeansProjects\ExamProjectKarol\build\classes
Launcher Type: SUN_STANDARD

[Global flags]
     intx CICompilerCount                          = 3                                         {product} {ergonomic}
     uint ConcGCThreads                            = 1                                         {product} {ergonomic}
     uint G1ConcRefinementThreads                  = 4                                         {product} {ergonomic}
   size_t G1HeapRegionSize                         = 1048576                                   {product} {ergonomic}
    uintx GCDrainStackTargetSize                   = 64                                        {product} {ergonomic}
   size_t InitialHeapSize                          = 132120576                                 {product} {ergonomic}
   size_t MarkStackSize                            = 4194304                                   {product} {ergonomic}
   size_t MaxHeapSize                              = 2109734912                                {product} {ergonomic}
   size_t MaxNewSize                               = 1265631232                                {product} {ergonomic}
   size_t MinHeapDeltaBytes                        = 1048576                                   {product} {ergonomic}
   size_t MinHeapSize                              = 8388608                                   {product} {ergonomic}
    uintx NonNMethodCodeHeapSize                   = 5832780                                {pd product} {ergonomic}
    uintx NonProfiledCodeHeapSize                  = 122912730                              {pd product} {ergonomic}
    uintx ProfiledCodeHeapSize                     = 122912730                              {pd product} {ergonomic}
    uintx ReservedCodeCacheSize                    = 251658240                              {pd product} {ergonomic}
     bool SegmentedCodeCache                       = true                                      {product} {ergonomic}
   size_t SoftMaxHeapSize                          = 2109734912                             {manageable} {ergonomic}
     bool UseCompressedClassPointers               = true                           {product lp64_product} {ergonomic}
     bool UseCompressedOops                        = true                           {product lp64_product} {ergonomic}
     bool UseG1GC                                  = true                                      {product} {ergonomic}
     bool UseLargePagesIndividualAllocation        = false                                  {pd product} {ergonomic}

Logging:
Log output configuration:
 #0: stdout all=off uptime,level,tags
 #1: stderr all=off uptime,level,tags

Environment Variables:
PATH=C:\Program Files\Common Files\Oracle\Java\javapath;C:\Windows\system32;C:\Windows;C:\Windows\System32\Wbem;C:\Windows\System32\WindowsPowerShell\v1.0\;C:\Windows\System32\OpenSSH\;C:\Program Files\Git\cmd;C:\Program Files\nodejs\;C:\Program Files\Docker\Docker\resources\bin;C:\Program Files\MySQL\MySQL Shell 8.0\bin\;C:\Users\LENOVO\.cargo\bin;C:\Users\LENOVO\AppData\Local\Microsoft\WindowsApps;C:\Users\LENOVO\AppData\Local\Programs\Microsoft VS Code\bin;C:\Users\LENOVO\AppData\Roaming\npm;C:\Users\LENOVO\AppData\Local\GitHubDesktop\bin;C:\msys64\mingw64\bin;
USERNAME=LENOVO
OS=Windows_NT
PROCESSOR_IDENTIFIER=Intel64 Family 6 Model 78 Stepping 3, GenuineIntel



---------------  S Y S T E M  ---------------

OS:
 Windows 10 , 64 bit Build 19041 (10.0.19041.3636)
OS uptime: 9 days 2:38 hours
Hyper-V role detected

CPU: total 4 (initial active 4) (2 cores per cpu, 2 threads per core) family 6 model 78 stepping 3 microcode 0xcc, cx8, cmov, fxsr, ht, mmx, 3dnowpref, sse, sse2, sse3, ssse3, sse4.1, sse4.2, popcnt, lzcnt, tsc, tscinvbit, avx, avx2, aes, erms, clmul, bmi1, bmi2, rtm, adx, fma, vzeroupper, clflush, clflushopt, hv

Memory: 4k page, system-wide physical 8047M (1312M free)
TotalPageFile size 20247M (AvailPageFile size 3586M)
current process WorkingSet (physical memory assigned to process): 77M, peak: 80M
current process commit charge ("private bytes"): 222M, peak: 238M

vm_info: Java HotSpot(TM) 64-Bit Server VM (16.0.2+7-67) for windows-amd64 JRE (16.0.2+7-67), built on Jun  8 2021 23:24:19 by "mach5one" with MS VC++ 16.7 (VS2019)

END.
