#
# A fatal error has been detected by the Java Runtime Environment:
#
#  Internal Error (0xc000000d), pid=7756, tid=6544
#
# JRE version: Java(TM) SE Runtime Environment (16.0.2+7) (build 16.0.2+7-67)
# Java VM: Java HotSpot(TM) 64-Bit Server VM (16.0.2+7-67, mixed mode, sharing, tiered, compressed oops, compressed class ptrs, g1 gc, windows-amd64)
# Problematic frame:
# C  [ntdll.dll+0x112324]
#
# No core dump will be written. Minidumps are not enabled by default on client versions of Windows
#
# If you would like to submit a bug report, please visit:
#   https://bugreport.java.com/bugreport/crash.jsp
#

---------------  S U M M A R Y ------------

Command Line: -Dfile.encoding=UTF-8 --module-path=C:\Users\LENOVO\Documents\NetBeansProjects\ExamProjectKarol\build\classes examprojectkarol.HOME

Host: Intel(R) Core(TM) i7-6600U CPU @ 2.60GHz, 4 cores, 7G,  Windows 10 , 64 bit Build 19041 (10.0.19041.3636)
Time: Sat Feb 24 21:45:06 2024 W. Central Africa Standard Time elapsed time: 78.044615 seconds (0d 0h 1m 18s)

---------------  T H R E A D  ---------------

Current thread (0x0000021cffa6e820):  VMThread "VM Thread" [stack: 0x000000fd1ec00000,0x000000fd1ed00000] [id=6544]

Stack: [0x000000fd1ec00000,0x000000fd1ed00000],  sp=0x000000fd1ecfe110,  free space=1016k
Native frames: (J=compiled Java code, j=interpreted, Vv=VM code, C=native code)
C  [ntdll.dll+0x112324]
C  [ntdll.dll+0xab181]
C  [KERNELBASE.dll+0x73169]
C  0x00007ff9553979cd


siginfo: EXCEPTION_?? (0xc000000d)


Register to memory mapping:

RIP=0x00007ff95e862324 ntdll.dll
RAX=0x000000fd1ecfd938 points into unknown readable memory: 0x00007ff95beff0b0 | b0 f0 ef 5b f9 7f 00 00
RBX=0x0000021c8661b6f0 points into unknown readable memory: 0x0000000000000000 | 00 00 00 00 00 00 00 00
RCX=0x0000021ce63a9c20 points into unknown readable memory: 0x0000000000000000 | 00 00 00 00 00 00 00 00
RDX=0x00007ff90f87f607 jvm.dll
RSP=0x000000fd1ecfe110 points into unknown readable memory: 0x0000000000000057 | 57 00 00 00 00 00 00 00
RBP=0x00007ff955398610 points into unknown readable memory: 0x6c894808245c8948 | 48 89 5c 24 08 48 89 6c
RSI=0x0000021c86596620 points into unknown readable memory: 0x0000000000000003 | 03 00 00 00 00 00 00 00
RDI=0x0 is NULL
R8 =0x000000fd1ecfd9a8 points into unknown readable memory: 0x0000000000312e30 | 30 2e 31 00 00 00 00 00
R9 =0x0000000000000003 is an unknown value
R10=0x0000000000312e30 is an unknown value
R11=0x0 is NULL
R12=0x0000021c8661b6f0 points into unknown readable memory: 0x0000000000000000 | 00 00 00 00 00 00 00 00
R13=0x00007ff934d1b480 points into unknown readable memory: 0x3f8dbec04ca1876f | 6f 87 a1 4c c0 be 8d 3f
R14=0x000000fd1ecfe2a8 points into unknown readable memory: 0x0000000000000000 | 00 00 00 00 00 00 00 00
R15=0x00007ff955398610 points into unknown readable memory: 0x6c894808245c8948 | 48 89 5c 24 08 48 89 6c


Registers:
RAX=0x000000fd1ecfd938, RBX=0x0000021c8661b6f0, RCX=0x0000021ce63a9c20, RDX=0x00007ff90f87f607
RSP=0x000000fd1ecfe110, RBP=0x00007ff955398610, RSI=0x0000021c86596620, RDI=0x0000000000000000
R8 =0x000000fd1ecfd9a8, R9 =0x0000000000000003, R10=0x0000000000312e30, R11=0x0000000000000000
R12=0x0000021c8661b6f0, R13=0x00007ff934d1b480, R14=0x000000fd1ecfe2a8, R15=0x00007ff955398610
RIP=0x00007ff95e862324, EFLAGS=0x0000000000000202

Top of Stack: (sp=0x000000fd1ecfe110)
0x000000fd1ecfe110:   0000000000000057 0000021c8661b6f0
0x000000fd1ecfe120:   0000021c86596620 0000021c00000000
0x000000fd1ecfe130:   00000000c000000d 0000000000000000
0x000000fd1ecfe140:   00007ff95e862324 0000000000000000
0x000000fd1ecfe150:   0000000000000000 0000000000000000
0x000000fd1ecfe160:   0000000000000000 0000000000000000
0x000000fd1ecfe170:   0000000000000000 0000000000000000
0x000000fd1ecfe180:   0000000000000000 0000000000000000
0x000000fd1ecfe190:   0000000000000000 0000000000000000
0x000000fd1ecfe1a0:   0000000000000000 0000000000000000
0x000000fd1ecfe1b0:   0000000000000000 0000000000000000
0x000000fd1ecfe1c0:   0000000000000000 0000000000000062
0x000000fd1ecfe1d0:   00007c8bb8c1fa5c 000000fd1c00001c
0x000000fd1ecfe1e0:   0000000300000000 00007ff95e7fb181
0x000000fd1ecfe1f0:   0000000000000b54 0000021c86596530
0x000000fd1ecfe200:   00007ff934d1b480 0000000000000b54 

Instructions: (pc=0x00007ff95e862324)
0x00007ff95e862224:   cc cc cc cc cc cc cc cc 48 81 ec d8 00 00 00 48
0x00007ff95e862234:   8b 05 d6 22 07 00 48 33 c4 48 89 84 24 c0 00 00
0x00007ff95e862244:   00 4d 85 c0 74 33 4d 8b 48 50 48 8d 05 6b 63 f6
0x00007ff95e862254:   ff c7 44 24 38 05 00 00 00 4c 3b c8 75 0a 49 8b
0x00007ff95e862264:   40 58 4c 8b 50 20 eb 03 45 33 d2 4d 85 d2 4d 0f
0x00007ff95e862274:   45 ca 4c 89 4c 24 60 eb 08 c7 44 24 38 04 00 00
0x00007ff95e862284:   00 48 83 64 24 28 00 48 83 64 24 58 00 48 63 c1
0x00007ff95e862294:   48 8d 4c 24 20 48 89 44 24 40 c7 44 24 20 0a 07
0x00007ff95e8622a4:   00 c0 48 89 54 24 48 4c 89 44 24 50 c7 44 24 24
0x00007ff95e8622b4:   01 00 00 00 e8 73 ed f3 ff 48 8b 8c 24 c0 00 00
0x00007ff95e8622c4:   00 48 33 cc e8 03 a2 f7 ff 48 81 c4 d8 00 00 00
0x00007ff95e8622d4:   c3 cc cc cc cc cc cc cc 48 81 ec d8 00 00 00 48
0x00007ff95e8622e4:   8b 05 26 22 07 00 48 33 c4 48 89 84 24 c0 00 00
0x00007ff95e8622f4:   00 33 d2 41 b8 94 00 00 00 48 8d 4c 24 24 e8 f9
0x00007ff95e862304:   1d f9 ff c7 44 24 20 0d 00 00 c0 b9 57 00 00 00
0x00007ff95e862314:   e8 67 e4 f3 ff 90 48 8d 4c 24 20 e8 0c ed f3 ff
0x00007ff95e862324:   eb 00 48 8b 8c 24 c0 00 00 00 48 33 cc e8 9a a1
0x00007ff95e862334:   f7 ff 48 81 c4 d8 00 00 00 c3 cc 40 55 48 83 ec
0x00007ff95e862344:   20 48 8b ea e8 0f 00 00 00 90 48 83 c4 20 5d c3
0x00007ff95e862354:   cc cc cc cc cc cc cc cc 48 83 ec 28 48 8b 51 08
0x00007ff95e862364:   41 b8 03 00 00 00 48 8b 09 e8 4e a5 fc ff 33 c0
0x00007ff95e862374:   48 83 c4 28 c3 cc cc cc cc cc cc cc 48 8b 01 48
0x00007ff95e862384:   83 c9 ff 8b 10 e9 c2 b1 f8 ff cc cc cc cc cc cc
0x00007ff95e862394:   4c 8b dc 48 81 ec 88 00 00 00 48 8b 05 6b 21 07
0x00007ff95e8623a4:   00 48 33 c4 48 89 44 24 70 48 8b 84 24 b0 00 00
0x00007ff95e8623b4:   00 41 ba 24 1c 00 00 49 89 43 d8 8b 84 24 b8 00
0x00007ff95e8623c4:   00 00 66 45 89 53 9e 49 89 4b b8 49 89 53 c0 4d
0x00007ff95e8623d4:   89 43 c8 4d 89 4b d0 89 44 24 68 e8 6c 24 f1 ff
0x00007ff95e8623e4:   85 c0 74 19 65 48 8b 04 25 60 00 00 00 48 8b 88
0x00007ff95e8623f4:   90 00 00 00 48 81 c1 2c 02 00 00 eb 05 b9 86 03
0x00007ff95e862404:   fe 7f 0f b6 09 4c 8d 4c 24 20 ba 03 04 00 00 41
0x00007ff95e862414:   b8 2c 00 00 00 e8 62 b7 f8 ff 48 8b 4c 24 70 48 


Stack slot to memory mapping:
stack at sp + 0 slots: 0x0000000000000057 is an unknown value
stack at sp + 1 slots: 0x0000021c8661b6f0 points into unknown readable memory: 0x0000000000000000 | 00 00 00 00 00 00 00 00
stack at sp + 2 slots: 0x0000021c86596620 points into unknown readable memory: 0x0000000000000003 | 03 00 00 00 00 00 00 00
stack at sp + 3 slots: 0x0000021c00000000 is an unknown value
stack at sp + 4 slots: 0x00000000c000000d is an unallocated location in the heap
stack at sp + 5 slots: 0x0 is NULL
stack at sp + 6 slots: 0x00007ff95e862324 ntdll.dll
stack at sp + 7 slots: 0x0 is NULL

VM_Operation (0x000000fd1fcfe550): Exit, mode: safepoint, requested by thread 0x0000021c84c82690


---------------  P R O C E S S  ---------------

Threads class SMR info:
_java_thread_list=0x0000021c858ade90, length=18, elements={
0x0000021cffa72380, 0x0000021cffa73150, 0x0000021cffa84de0, 0x0000021cffa87700,
0x0000021cffa88010, 0x0000021cffa89460, 0x0000021cffa89e60, 0x0000021cffa9e530,
0x0000021c8493b250, 0x0000021c849e4ea0, 0x0000021c84c02ea0, 0x0000021c84c033c0,
0x0000021c84c82690, 0x0000021ce6340090, 0x0000021c85cf31d0, 0x0000021c859f02b0,
0x0000021c8596f6e0, 0x0000021c8596e6f0
}

Java Threads: ( => current thread )
  0x0000021cffa72380 JavaThread "Reference Handler" daemon [_thread_blocked, id=7788, stack(0x000000fd1ed00000,0x000000fd1ee00000)]
  0x0000021cffa73150 JavaThread "Finalizer" daemon [_thread_blocked, id=16588, stack(0x000000fd1ee00000,0x000000fd1ef00000)]
  0x0000021cffa84de0 JavaThread "Attach Listener" daemon [_thread_blocked, id=13952, stack(0x000000fd1f000000,0x000000fd1f100000)]
  0x0000021cffa87700 JavaThread "Service Thread" daemon [_thread_blocked, id=8988, stack(0x000000fd1f100000,0x000000fd1f200000)]
  0x0000021cffa88010 JavaThread "Monitor Deflation Thread" daemon [_thread_blocked, id=10588, stack(0x000000fd1f200000,0x000000fd1f300000)]
  0x0000021cffa89460 JavaThread "C2 CompilerThread0" daemon [_thread_blocked, id=19060, stack(0x000000fd1f300000,0x000000fd1f400000)]
  0x0000021cffa89e60 JavaThread "C1 CompilerThread0" daemon [_thread_blocked, id=12924, stack(0x000000fd1f400000,0x000000fd1f500000)]
  0x0000021cffa9e530 JavaThread "Sweeper thread" daemon [_thread_blocked, id=10676, stack(0x000000fd1f500000,0x000000fd1f600000)]
  0x0000021c8493b250 JavaThread "Common-Cleaner" daemon [_thread_blocked, id=6716, stack(0x000000fd1f600000,0x000000fd1f700000)]
  0x0000021c849e4ea0 JavaThread "Notification Thread" daemon [_thread_blocked, id=3956, stack(0x000000fd1f700000,0x000000fd1f800000)]
  0x0000021c84c02ea0 JavaThread "Java2D Disposer" daemon [_thread_blocked, id=13100, stack(0x000000fd1f900000,0x000000fd1fa00000)]
  0x0000021c84c033c0 JavaThread "AWT-Shutdown" [_thread_blocked, id=17160, stack(0x000000fd1fa00000,0x000000fd1fb00000)]
  0x0000021c84c82690 JavaThread "AWT-EventQueue-0" [_thread_blocked, id=15472, stack(0x000000fd1fc00000,0x000000fd1fd00000)]
  0x0000021ce6340090 JavaThread "DestroyJavaVM" [_thread_blocked, id=2888, stack(0x000000fd1e600000,0x000000fd1e700000)]
  0x0000021c85cf31d0 JavaThread "TimerQueue" daemon [_thread_blocked, id=1768, stack(0x000000fd20000000,0x000000fd20100000)]
  0x0000021c859f02b0 JavaThread "mysql-cj-abandoned-connection-cleanup" daemon [_thread_blocked, id=8420, stack(0x000000fd20600000,0x000000fd20700000)]
  0x0000021c8596f6e0 JavaThread "pool-1-thread-1" [_thread_blocked, id=16996, stack(0x000000fd20b00000,0x000000fd20c00000)]
  0x0000021c8596e6f0 JavaThread "Thread-0" daemon [_thread_blocked, id=10632, stack(0x000000fd21200000,0x000000fd21300000)]

Other Threads:
=>0x0000021cffa6e820 VMThread "VM Thread" [stack: 0x000000fd1ec00000,0x000000fd1ed00000] [id=6544]
  0x0000021ce637d980 GCTaskThread "GC Thread#0" [stack: 0x000000fd1e700000,0x000000fd1e800000] [id=5784]
  0x0000021c858a6f40 GCTaskThread "GC Thread#1" [stack: 0x000000fd20100000,0x000000fd20200000] [id=3776]
  0x0000021c858a7810 GCTaskThread "GC Thread#2" [stack: 0x000000fd20200000,0x000000fd20300000] [id=15704]
  0x0000021c8584c880 GCTaskThread "GC Thread#3" [stack: 0x000000fd20300000,0x000000fd20400000] [id=12668]
  0x0000021ce6390870 ConcurrentGCThread "G1 Main Marker" terminated
  0x0000021ce63911f0 ConcurrentGCThread "G1 Conc#0" [stack: 0x000000fd1e900000,0x000000fd1ea00000] [id=7480]
  0x0000021ce640db00 ConcurrentGCThread "G1 Refine#0" terminated
  0x0000021c85ac4320 ConcurrentGCThread "G1 Refine#1" terminated
  0x0000021ce640e490 ConcurrentGCThread "G1 Service" terminated

Threads with active compile tasks:

VM state: at safepoint (shutting down)

VM Mutex/Monitor currently owned by a thread:  ([mutex/lock_event])
[0x0000021ce633c180] Threads_lock - owner thread: 0x0000021cffa6e820
[0x0000021ce633c690] Heap_lock - owner thread: 0x0000021c84c82690

Heap address: 0x0000000082400000, size: 2012 MB, Compressed Oops mode: 32-bit

CDS archive(s) mapped at: [0x0000000800000000-0x0000000800bb0000-0x0000000800bb0000), size 12255232, SharedBaseAddress: 0x0000000800000000, ArchiveRelocationMode: 0.
Compressed class space mapped at: 0x0000000800c00000-0x0000000840c00000, reserved size: 1073741824
Narrow klass base: 0x0000000800000000, Narrow klass shift: 3, Narrow klass range: 0x100000000

GC Precious Log:
 CPUs: 4 total, 4 available
 Memory: 8047M
 Large Page Support: Disabled
 NUMA Support: Disabled
 Compressed Oops: Enabled (32-bit)
 Heap Region Size: 1M
 Heap Min Capacity: 8M
 Heap Initial Capacity: 126M
 Heap Max Capacity: 2012M
 Pre-touch: Disabled
 Parallel Workers: 4
 Concurrent Workers: 1
 Concurrent Refinement Workers: 4
 Periodic GC: Disabled

Heap:
 garbage-first heap   total 73728K, used 30741K [0x0000000082400000, 0x0000000100000000)
  region size 1024K, 3 young (3072K), 1 survivors (1024K)
 Metaspace       used 25558K, committed 25792K, reserved 1073152K
  class space    used 2768K, committed 2880K, reserved 1048576K

Heap Regions: E=young(eden), S=young(survivor), O=old, HS=humongous(starts), HC=humongous(continues), CS=collection set, F=free, OA=open archive, CA=closed archive, TAMS=top-at-mark-start (previous, next)
|   0|0x0000000082400000, 0x0000000082500000, 0x0000000082500000|100%|HS|  |TAMS 0x0000000082500000, 0x0000000082500000| Complete 
|   1|0x0000000082500000, 0x0000000082600000, 0x0000000082600000|100%|HC|  |TAMS 0x0000000082600000, 0x0000000082600000| Complete 
|   2|0x0000000082600000, 0x0000000082700000, 0x0000000082700000|100%| O|  |TAMS 0x0000000082700000, 0x0000000082700000| Untracked 
|   3|0x0000000082700000, 0x0000000082800000, 0x0000000082800000|100%| O|  |TAMS 0x0000000082800000, 0x0000000082800000| Untracked 
|   4|0x0000000082800000, 0x0000000082900000, 0x0000000082900000|100%| O|  |TAMS 0x0000000082900000, 0x0000000082900000| Untracked 
|   5|0x0000000082900000, 0x0000000082a00000, 0x0000000082a00000|100%| O|  |TAMS 0x0000000082a00000, 0x0000000082a00000| Untracked 
|   6|0x0000000082a00000, 0x0000000082b00000, 0x0000000082b00000|100%| O|  |TAMS 0x0000000082b00000, 0x0000000082b00000| Untracked 
|   7|0x0000000082b00000, 0x0000000082bbc800, 0x0000000082c00000| 73%| O|  |TAMS 0x0000000082bbc800, 0x0000000082bbc800| Untracked 
|   8|0x0000000082c00000, 0x0000000082d00000, 0x0000000082d00000|100%|HS|  |TAMS 0x0000000082c00000, 0x0000000082c00000| Complete 
|   9|0x0000000082d00000, 0x0000000082e00000, 0x0000000082e00000|100%|HS|  |TAMS 0x0000000082d00000, 0x0000000082d00000| Complete 
|  10|0x0000000082e00000, 0x0000000082f00000, 0x0000000082f00000|100%|HS|  |TAMS 0x0000000082e00000, 0x0000000082f00000| Complete 
|  11|0x0000000082f00000, 0x0000000083000000, 0x0000000083000000|100%|HS|  |TAMS 0x0000000082f00000, 0x0000000082f00000| Complete 
|  12|0x0000000083000000, 0x0000000083100000, 0x0000000083100000|100%|HS|  |TAMS 0x0000000083000000, 0x0000000083000000| Complete 
|  13|0x0000000083100000, 0x0000000083200000, 0x0000000083200000|100%|HS|  |TAMS 0x0000000083100000, 0x0000000083200000| Complete 
|  14|0x0000000083200000, 0x0000000083300000, 0x0000000083300000|100%|HC|  |TAMS 0x0000000083200000, 0x0000000083300000| Complete 
|  15|0x0000000083300000, 0x0000000083400000, 0x0000000083400000|100%|HC|  |TAMS 0x0000000083300000, 0x0000000083400000| Complete 
|  16|0x0000000083400000, 0x0000000083500000, 0x0000000083500000|100%|HC|  |TAMS 0x0000000083400000, 0x0000000083500000| Complete 
|  17|0x0000000083500000, 0x0000000083600000, 0x0000000083600000|100%|HC|  |TAMS 0x0000000083500000, 0x0000000083600000| Complete 
|  18|0x0000000083600000, 0x0000000083700000, 0x0000000083700000|100%|HS|  |TAMS 0x0000000083600000, 0x0000000083700000| Complete 
|  19|0x0000000083700000, 0x0000000083800000, 0x0000000083800000|100%| O|  |TAMS 0x0000000083700000, 0x0000000083800000| Untracked 
|  20|0x0000000083800000, 0x0000000083900000, 0x0000000083900000|100%| O|  |TAMS 0x0000000083800000, 0x0000000083900000| Untracked 
|  21|0x0000000083900000, 0x0000000083a00000, 0x0000000083a00000|100%|HS|  |TAMS 0x0000000083900000, 0x0000000083900000| Complete 
|  22|0x0000000083a00000, 0x0000000083b00000, 0x0000000083b00000|100%|HS|  |TAMS 0x0000000083a00000, 0x0000000083a00000| Complete 
|  23|0x0000000083b00000, 0x0000000083c00000, 0x0000000083c00000|100%|HS|  |TAMS 0x0000000083b00000, 0x0000000083c00000| Complete 
|  24|0x0000000083c00000, 0x0000000083c00000, 0x0000000083d00000|  0%| F|  |TAMS 0x0000000083c00000, 0x0000000083c00000| Untracked 
|  25|0x0000000083d00000, 0x0000000083d00000, 0x0000000083e00000|  0%| F|  |TAMS 0x0000000083d00000, 0x0000000083d00000| Untracked 
|  26|0x0000000083e00000, 0x0000000083f00000, 0x0000000083f00000|100%|HS|  |TAMS 0x0000000083e00000, 0x0000000083f00000| Complete 
|  27|0x0000000083f00000, 0x0000000084000000, 0x0000000084000000|100%|HS|  |TAMS 0x0000000083f00000, 0x0000000084000000| Complete 
|  28|0x0000000084000000, 0x0000000084000000, 0x0000000084100000|  0%| F|  |TAMS 0x0000000084000000, 0x0000000084000000| Untracked 
|  29|0x0000000084100000, 0x0000000084100000, 0x0000000084200000|  0%| F|  |TAMS 0x0000000084100000, 0x0000000084100000| Untracked 
|  30|0x0000000084200000, 0x0000000084200000, 0x0000000084300000|  0%| F|  |TAMS 0x0000000084200000, 0x0000000084200000| Untracked 
|  31|0x0000000084300000, 0x0000000084300000, 0x0000000084400000|  0%| F|  |TAMS 0x0000000084300000, 0x0000000084300000| Untracked 
|  32|0x0000000084400000, 0x0000000084400000, 0x0000000084500000|  0%| F|  |TAMS 0x0000000084400000, 0x0000000084400000| Untracked 
|  33|0x0000000084500000, 0x0000000084500000, 0x0000000084600000|  0%| F|  |TAMS 0x0000000084500000, 0x0000000084500000| Untracked 
|  34|0x0000000084600000, 0x0000000084600000, 0x0000000084700000|  0%| F|  |TAMS 0x0000000084600000, 0x0000000084600000| Untracked 
|  35|0x0000000084700000, 0x0000000084700000, 0x0000000084800000|  0%| F|  |TAMS 0x0000000084700000, 0x0000000084700000| Untracked 
|  36|0x0000000084800000, 0x0000000084800000, 0x0000000084900000|  0%| F|  |TAMS 0x0000000084800000, 0x0000000084800000| Untracked 
|  37|0x0000000084900000, 0x0000000084900000, 0x0000000084a00000|  0%| F|  |TAMS 0x0000000084900000, 0x0000000084900000| Untracked 
|  38|0x0000000084a00000, 0x0000000084a00000, 0x0000000084b00000|  0%| F|  |TAMS 0x0000000084a00000, 0x0000000084a00000| Untracked 
|  39|0x0000000084b00000, 0x0000000084b00000, 0x0000000084c00000|  0%| F|  |TAMS 0x0000000084b00000, 0x0000000084b00000| Untracked 
|  40|0x0000000084c00000, 0x0000000084c00000, 0x0000000084d00000|  0%| F|  |TAMS 0x0000000084c00000, 0x0000000084c00000| Untracked 
|  41|0x0000000084d00000, 0x0000000084d00000, 0x0000000084e00000|  0%| F|  |TAMS 0x0000000084d00000, 0x0000000084d00000| Untracked 
|  42|0x0000000084e00000, 0x0000000084e00000, 0x0000000084f00000|  0%| F|  |TAMS 0x0000000084e00000, 0x0000000084e00000| Untracked 
|  43|0x0000000084f00000, 0x0000000084f00000, 0x0000000085000000|  0%| F|  |TAMS 0x0000000084f00000, 0x0000000084f00000| Untracked 
|  44|0x0000000085000000, 0x0000000085000000, 0x0000000085100000|  0%| F|  |TAMS 0x0000000085000000, 0x0000000085000000| Untracked 
|  45|0x0000000085100000, 0x0000000085100000, 0x0000000085200000|  0%| F|  |TAMS 0x0000000085100000, 0x0000000085100000| Untracked 
|  46|0x0000000085200000, 0x0000000085200000, 0x0000000085300000|  0%| F|  |TAMS 0x0000000085200000, 0x0000000085200000| Untracked 
|  47|0x0000000085300000, 0x0000000085300000, 0x0000000085400000|  0%| F|  |TAMS 0x0000000085300000, 0x0000000085300000| Untracked 
|  48|0x0000000085400000, 0x0000000085400000, 0x0000000085500000|  0%| F|  |TAMS 0x0000000085400000, 0x0000000085400000| Untracked 
|  49|0x0000000085500000, 0x0000000085500000, 0x0000000085600000|  0%| F|  |TAMS 0x0000000085500000, 0x0000000085500000| Untracked 
|  50|0x0000000085600000, 0x0000000085600000, 0x0000000085700000|  0%| F|  |TAMS 0x0000000085600000, 0x0000000085600000| Untracked 
|  51|0x0000000085700000, 0x0000000085700000, 0x0000000085800000|  0%| F|  |TAMS 0x0000000085700000, 0x0000000085700000| Untracked 
|  52|0x0000000085800000, 0x0000000085800000, 0x0000000085900000|  0%| F|  |TAMS 0x0000000085800000, 0x0000000085800000| Untracked 
|  53|0x0000000085900000, 0x0000000085900000, 0x0000000085a00000|  0%| F|  |TAMS 0x0000000085900000, 0x0000000085900000| Untracked 
|  54|0x0000000085a00000, 0x0000000085a00000, 0x0000000085b00000|  0%| F|  |TAMS 0x0000000085a00000, 0x0000000085a00000| Untracked 
|  55|0x0000000085b00000, 0x0000000085b00000, 0x0000000085c00000|  0%| F|  |TAMS 0x0000000085b00000, 0x0000000085b00000| Untracked 
|  56|0x0000000085c00000, 0x0000000085c00000, 0x0000000085d00000|  0%| F|  |TAMS 0x0000000085c00000, 0x0000000085c00000| Untracked 
|  57|0x0000000085d00000, 0x0000000085d00000, 0x0000000085e00000|  0%| F|  |TAMS 0x0000000085d00000, 0x0000000085d00000| Untracked 
|  58|0x0000000085e00000, 0x0000000085e00000, 0x0000000085f00000|  0%| F|  |TAMS 0x0000000085e00000, 0x0000000085e00000| Untracked 
|  59|0x0000000085f00000, 0x0000000085f00000, 0x0000000086000000|  0%| F|  |TAMS 0x0000000085f00000, 0x0000000085f00000| Untracked 
|  60|0x0000000086000000, 0x0000000086000000, 0x0000000086100000|  0%| F|  |TAMS 0x0000000086000000, 0x0000000086000000| Untracked 
|  61|0x0000000086100000, 0x0000000086100000, 0x0000000086200000|  0%| F|  |TAMS 0x0000000086100000, 0x0000000086100000| Untracked 
|  62|0x0000000086200000, 0x0000000086200000, 0x0000000086300000|  0%| F|  |TAMS 0x0000000086200000, 0x0000000086200000| Untracked 
|  63|0x0000000086300000, 0x0000000086300000, 0x0000000086400000|  0%| F|  |TAMS 0x0000000086300000, 0x0000000086300000| Untracked 
| 107|0x0000000088f00000, 0x0000000088f00000, 0x0000000089000000|  0%| F|  |TAMS 0x0000000088f00000, 0x0000000088f00000| Untracked 
| 108|0x0000000089000000, 0x0000000089000000, 0x0000000089100000|  0%| F|  |TAMS 0x0000000089000000, 0x0000000089000000| Untracked 
| 109|0x0000000089100000, 0x00000000891722d8, 0x0000000089200000| 44%| E|  |TAMS 0x0000000089100000, 0x0000000089100000| Complete 
| 110|0x0000000089200000, 0x0000000089248f10, 0x0000000089300000| 28%| S|CS|TAMS 0x0000000089200000, 0x0000000089200000| Complete 
| 125|0x000000008a100000, 0x000000008a200000, 0x000000008a200000|100%| E|CS|TAMS 0x000000008a100000, 0x000000008a100000| Complete 
|2009|0x00000000ffd00000, 0x00000000ffe00000, 0x00000000ffe00000|100%| O|  |TAMS 0x00000000ffd00000, 0x00000000ffe00000| Untracked 
|2010|0x00000000ffe00000, 0x00000000fff00000, 0x00000000fff00000|100%| O|  |TAMS 0x00000000ffe00000, 0x00000000fff00000| Untracked 
|2011|0x00000000fff00000, 0x0000000100000000, 0x0000000100000000|100%| O|  |TAMS 0x00000000fff00000, 0x0000000100000000| Untracked 

Card table byte_map: [0x0000021cfceb0000,0x0000021cfd2a0000] _byte_map_base: 0x0000021cfca9e000

Marking Bits (Prev, Next): (CMBitMap*) 0x0000021ce6380360, (CMBitMap*) 0x0000021ce6380320
 Prev Bits: [0x0000021c80000000, 0x0000021c81f70000)
 Next Bits: [0x0000021cfd690000, 0x0000021cff600000)

Polling page: 0x0000021ce42b0000

Metaspace:

Usage:
  Non-class:     22.26 MB used.
      Class:      2.70 MB used.
       Both:     24.96 MB used.

Virtual space:
  Non-class space:       24.00 MB reserved,      22.38 MB ( 93%) committed,  3 nodes.
      Class space:        1.00 GB reserved,       2.81 MB ( <1%) committed,  1 nodes.
              Both:        1.02 GB reserved,      25.19 MB (  2%) committed. 

Chunk freelists:
   Non-Class:  1.00 MB
       Class:  1.17 MB
        Both:  2.17 MB

MaxMetaspaceSize: 17179869184.00 GB
CompressedClassSpaceSize: 1.00 GB
 - commit_granule_bytes: 65536.
 - commit_granule_words: 8192.
 - virtual_space_node_default_size: 1048576.
 - enlarge_chunks_in_place: 1.
 - new_chunks_are_fully_committed: 0.
 - uncommit_free_chunks: 1.
 - use_allocation_guard: 0.
 - handle_deallocations: 1.


Internal statistics:

num_allocs_failed_limit: 3.
num_arena_births: 168.
num_arena_deaths: 0.
num_vsnodes_births: 4.
num_vsnodes_deaths: 0.
num_space_committed: 403.
num_space_uncommitted: 0.
num_chunks_returned_to_freelist: 3.
num_chunks_taken_from_freelist: 409.
num_chunk_merges: 0.
num_chunk_splits: 247.
num_chunks_enlarged: 159.
num_purges: 0.

CodeHeap 'non-profiled nmethods': size=120000Kb used=1928Kb max_used=1928Kb free=118071Kb
 bounds [0x0000021cf5590000, 0x0000021cf5800000, 0x0000021cfcac0000]
CodeHeap 'profiled nmethods': size=120000Kb used=9103Kb max_used=9103Kb free=110896Kb
 bounds [0x0000021cee060000, 0x0000021cee950000, 0x0000021cf5590000]
CodeHeap 'non-nmethods': size=5760Kb used=1446Kb max_used=1502Kb free=4313Kb
 bounds [0x0000021cedac0000, 0x0000021cedd30000, 0x0000021cee060000]
 total_blobs=4979 nmethods=4175 adapters=716
 compilation: enabled
              stopped_count=0, restarted_count=0
 full_count=0

Compilation events (20 events):
Event: 73.895 Thread 0x0000021cffa89460 4192 %     4       sun.security.provider.SHA2::implCompress0 @ 3 (466 bytes)
Event: 73.970 Thread 0x0000021cffa89e60 4193       3       javax.imageio.spi.PartialOrderIterator::next (93 bytes)
Event: 73.972 Thread 0x0000021cffa89e60 nmethod 4193 0x0000021cee93fd10 code [0x0000021cee93ffc0, 0x0000021cee940ef8]
Event: 73.972 Thread 0x0000021cffa89e60 4194       3       javax.imageio.spi.DigraphNode::getOutNodes (10 bytes)
Event: 73.973 Thread 0x0000021cffa89e60 nmethod 4194 0x0000021cee941410 code [0x0000021cee9415c0, 0x0000021cee9417a8]
Event: 73.986 Thread 0x0000021cffa89460 nmethod 4192% 0x0000021cf5770b90 code [0x0000021cf5770d40, 0x0000021cf5771ad8]
Event: 74.117 Thread 0x0000021cffa89e60 4195       3       sun.security.provider.SHA2::implCompress (13 bytes)
Event: 74.118 Thread 0x0000021cffa89e60 nmethod 4195 0x0000021cee941890 code [0x0000021cee941a60, 0x0000021cee941dc8]
Event: 74.118 Thread 0x0000021cffa89e60 4196       3       sun.security.provider.SHA2::implCompressCheck (15 bytes)
Event: 74.119 Thread 0x0000021cffa89e60 nmethod 4196 0x0000021cee941f10 code [0x0000021cee9420e0, 0x0000021cee942398]
Event: 74.123 Thread 0x0000021cffa89e60 4197       3       java.awt.image.Raster::getNumDataElements (8 bytes)
Event: 74.123 Thread 0x0000021cffa89e60 nmethod 4197 0x0000021cee942490 code [0x0000021cee942640, 0x0000021cee942828]
Event: 74.184 Thread 0x0000021cffa89460 4198       4       java.awt.Rectangle::<init> (26 bytes)
Event: 74.186 Thread 0x0000021cffa89460 nmethod 4198 0x0000021cf5771d90 code [0x0000021cf5771f00, 0x0000021cf5771f98]
Event: 74.297 Thread 0x0000021cffa89e60 4199       3       jdk.internal.misc.VM::isModuleSystemInited (13 bytes)
Event: 74.298 Thread 0x0000021cffa89e60 nmethod 4199 0x0000021cee942910 code [0x0000021cee942ac0, 0x0000021cee942c78]
Event: 74.437 Thread 0x0000021cffa89e60 4200       3       javax.imageio.stream.ImageInputStreamImpl::readUnsignedInt (10 bytes)
Event: 74.438 Thread 0x0000021cffa89e60 nmethod 4200 0x0000021cee942d10 code [0x0000021cee942ec0, 0x0000021cee943088]
Event: 74.564 Thread 0x0000021cffa89e60 4201       3       javax.imageio.stream.ImageInputStreamImpl::skipBytes (21 bytes)
Event: 74.565 Thread 0x0000021cffa89e60 nmethod 4201 0x0000021cee943110 code [0x0000021cee943340, 0x0000021cee943c58]

GC Heap History (20 events):
Event: 72.389 GC heap before
{Heap before GC invocations=8 (full 0):
 garbage-first heap   total 51200K, used 22576K [0x0000000082400000, 0x0000000100000000)
  region size 1024K, 2 young (2048K), 1 survivors (1024K)
 Metaspace       used 25524K, committed 25728K, reserved 1073152K
  class space    used 2766K, committed 2880K, reserved 1048576K
}
Event: 72.392 GC heap after
{Heap after GC invocations=9 (full 0):
 garbage-first heap   total 51200K, used 19447K [0x0000000082400000, 0x0000000100000000)
  region size 1024K, 1 young (1024K), 1 survivors (1024K)
 Metaspace       used 25524K, committed 25728K, reserved 1073152K
  class space    used 2766K, committed 2880K, reserved 1048576K
}
Event: 72.432 GC heap before
{Heap before GC invocations=9 (full 0):
 garbage-first heap   total 51200K, used 22519K [0x0000000082400000, 0x0000000100000000)
  region size 1024K, 2 young (2048K), 1 survivors (1024K)
 Metaspace       used 25524K, committed 25728K, reserved 1073152K
  class space    used 2766K, committed 2880K, reserved 1048576K
}
Event: 72.434 GC heap after
{Heap after GC invocations=10 (full 0):
 garbage-first heap   total 51200K, used 20468K [0x0000000082400000, 0x0000000100000000)
  region size 1024K, 1 young (1024K), 1 survivors (1024K)
 Metaspace       used 25524K, committed 25728K, reserved 1073152K
  class space    used 2766K, committed 2880K, reserved 1048576K
}
Event: 72.472 GC heap before
{Heap before GC invocations=10 (full 0):
 garbage-first heap   total 51200K, used 22516K [0x0000000082400000, 0x0000000100000000)
  region size 1024K, 2 young (2048K), 1 survivors (1024K)
 Metaspace       used 25524K, committed 25728K, reserved 1073152K
  class space    used 2766K, committed 2880K, reserved 1048576K
}
Event: 72.474 GC heap after
{Heap after GC invocations=11 (full 0):
 garbage-first heap   total 51200K, used 20463K [0x0000000082400000, 0x0000000100000000)
  region size 1024K, 1 young (1024K), 1 survivors (1024K)
 Metaspace       used 25524K, committed 25728K, reserved 1073152K
  class space    used 2766K, committed 2880K, reserved 1048576K
}
Event: 72.509 GC heap before
{Heap before GC invocations=11 (full 0):
 garbage-first heap   total 51200K, used 22511K [0x0000000082400000, 0x0000000100000000)
  region size 1024K, 2 young (2048K), 1 survivors (1024K)
 Metaspace       used 25524K, committed 25728K, reserved 1073152K
  class space    used 2766K, committed 2880K, reserved 1048576K
}
Event: 72.511 GC heap after
{Heap after GC invocations=12 (full 0):
 garbage-first heap   total 73728K, used 20463K [0x0000000082400000, 0x0000000100000000)
  region size 1024K, 1 young (1024K), 1 survivors (1024K)
 Metaspace       used 25524K, committed 25728K, reserved 1073152K
  class space    used 2766K, committed 2880K, reserved 1048576K
}
Event: 72.733 GC heap before
{Heap before GC invocations=12 (full 0):
 garbage-first heap   total 73728K, used 32751K [0x0000000082400000, 0x0000000100000000)
  region size 1024K, 2 young (2048K), 1 survivors (1024K)
 Metaspace       used 25529K, committed 25728K, reserved 1073152K
  class space    used 2766K, committed 2880K, reserved 1048576K
}
Event: 72.735 GC heap after
{Heap after GC invocations=13 (full 0):
 garbage-first heap   total 73728K, used 25587K [0x0000000082400000, 0x0000000100000000)
  region size 1024K, 1 young (1024K), 1 survivors (1024K)
 Metaspace       used 25529K, committed 25728K, reserved 1073152K
  class space    used 2766K, committed 2880K, reserved 1048576K
}
Event: 72.967 GC heap before
{Heap before GC invocations=13 (full 0):
 garbage-first heap   total 73728K, used 32755K [0x0000000082400000, 0x0000000100000000)
  region size 1024K, 2 young (2048K), 1 survivors (1024K)
 Metaspace       used 25530K, committed 25728K, reserved 1073152K
  class space    used 2766K, committed 2880K, reserved 1048576K
}
Event: 72.969 GC heap after
{Heap after GC invocations=14 (full 0):
 garbage-first heap   total 73728K, used 22508K [0x0000000082400000, 0x0000000100000000)
  region size 1024K, 1 young (1024K), 1 survivors (1024K)
 Metaspace       used 25530K, committed 25728K, reserved 1073152K
  class space    used 2766K, committed 2880K, reserved 1048576K
}
Event: 73.401 GC heap before
{Heap before GC invocations=14 (full 0):
 garbage-first heap   total 73728K, used 32748K [0x0000000082400000, 0x0000000100000000)
  region size 1024K, 2 young (2048K), 1 survivors (1024K)
 Metaspace       used 25535K, committed 25728K, reserved 1073152K
  class space    used 2766K, committed 2880K, reserved 1048576K
}
Event: 73.405 GC heap after
{Heap after GC invocations=15 (full 0):
 garbage-first heap   total 73728K, used 23558K [0x0000000082400000, 0x0000000100000000)
  region size 1024K, 1 young (1024K), 1 survivors (1024K)
 Metaspace       used 25535K, committed 25728K, reserved 1073152K
  class space    used 2766K, committed 2880K, reserved 1048576K
}
Event: 73.655 GC heap before
{Heap before GC invocations=15 (full 0):
 garbage-first heap   total 73728K, used 32774K [0x0000000082400000, 0x0000000100000000)
  region size 1024K, 2 young (2048K), 1 survivors (1024K)
 Metaspace       used 25542K, committed 25728K, reserved 1073152K
  class space    used 2766K, committed 2880K, reserved 1048576K
}
Event: 73.660 GC heap after
{Heap after GC invocations=16 (full 0):
 garbage-first heap   total 73728K, used 23574K [0x0000000082400000, 0x0000000100000000)
  region size 1024K, 1 young (1024K), 1 survivors (1024K)
 Metaspace       used 25542K, committed 25728K, reserved 1073152K
  class space    used 2766K, committed 2880K, reserved 1048576K
}
Event: 74.040 GC heap before
{Heap before GC invocations=16 (full 0):
 garbage-first heap   total 73728K, used 32790K [0x0000000082400000, 0x0000000100000000)
  region size 1024K, 2 young (2048K), 1 survivors (1024K)
 Metaspace       used 25545K, committed 25728K, reserved 1073152K
  class space    used 2766K, committed 2880K, reserved 1048576K
}
Event: 74.042 GC heap after
{Heap after GC invocations=17 (full 0):
 garbage-first heap   total 73728K, used 23559K [0x0000000082400000, 0x0000000100000000)
  region size 1024K, 1 young (1024K), 1 survivors (1024K)
 Metaspace       used 25545K, committed 25728K, reserved 1073152K
  class space    used 2766K, committed 2880K, reserved 1048576K
}
Event: 74.300 GC heap before
{Heap before GC invocations=17 (full 0):
 garbage-first heap   total 73728K, used 32775K [0x0000000082400000, 0x0000000100000000)
  region size 1024K, 2 young (2048K), 1 survivors (1024K)
 Metaspace       used 25545K, committed 25728K, reserved 1073152K
  class space    used 2766K, committed 2880K, reserved 1048576K
}
Event: 74.303 GC heap after
{Heap after GC invocations=18 (full 0):
 garbage-first heap   total 73728K, used 23573K [0x0000000082400000, 0x0000000100000000)
  region size 1024K, 1 young (1024K), 1 survivors (1024K)
 Metaspace       used 25545K, committed 25728K, reserved 1073152K
  class space    used 2766K, committed 2880K, reserved 1048576K
}

Deoptimization events (20 events):
Event: 71.968 Thread 0x0000021c84c82690 DEOPT PACKING pc=0x0000021cf574d61c sp=0x000000fd1fcfcb90
Event: 71.968 Thread 0x0000021c84c82690 DEOPT UNPACKING pc=0x0000021cedb0d72e sp=0x000000fd1fcfca20 mode 2
Event: 72.058 Thread 0x0000021c84c82690 DEOPT PACKING pc=0x0000021cee920ea4 sp=0x000000fd1fcfd1a0
Event: 72.058 Thread 0x0000021c84c82690 DEOPT UNPACKING pc=0x0000021cedb0dece sp=0x000000fd1fcfc5a0 mode 0
Event: 72.248 Thread 0x0000021c8596e6f0 Uncommon trap: trap_request=0xffffff45 fr.pc=0x0000021cf56f1a0c relative=0x000000000000098c
Event: 72.248 Thread 0x0000021c8596e6f0 Uncommon trap: reason=unstable_if action=reinterpret pc=0x0000021cf56f1a0c method=java.lang.Class.getInterfaces(Z)[Ljava/lang/Class; @ 34 c2
Event: 72.248 Thread 0x0000021c8596e6f0 DEOPT PACKING pc=0x0000021cf56f1a0c sp=0x000000fd212fe230
Event: 72.248 Thread 0x0000021c8596e6f0 DEOPT UNPACKING pc=0x0000021cedb0d72e sp=0x000000fd212fe210 mode 2
Event: 74.411 Thread 0x0000021c8596e6f0 Uncommon trap: trap_request=0xffffff45 fr.pc=0x0000021cf576f824 relative=0x0000000000000084
Event: 74.411 Thread 0x0000021c8596e6f0 Uncommon trap: reason=unstable_if action=reinterpret pc=0x0000021cf576f824 method=javax.imageio.stream.ImageInputStreamImpl.checkClosed()V @ 4 c2
Event: 74.411 Thread 0x0000021c8596e6f0 DEOPT PACKING pc=0x0000021cf576f824 sp=0x000000fd212fed60
Event: 74.411 Thread 0x0000021c8596e6f0 DEOPT UNPACKING pc=0x0000021cedb0d72e sp=0x000000fd212fec40 mode 2
Event: 74.411 Thread 0x0000021c8596e6f0 Uncommon trap: trap_request=0xffffff45 fr.pc=0x0000021cf5770478 relative=0x0000000000000058
Event: 74.411 Thread 0x0000021c8596e6f0 Uncommon trap: reason=unstable_if action=reinterpret pc=0x0000021cf5770478 method=javax.imageio.stream.ImageInputStreamImpl.checkClosed()V @ 4 c2
Event: 74.411 Thread 0x0000021c8596e6f0 DEOPT PACKING pc=0x0000021cf5770478 sp=0x000000fd212fee20
Event: 74.411 Thread 0x0000021c8596e6f0 DEOPT UNPACKING pc=0x0000021cedb0d72e sp=0x000000fd212fedb0 mode 2
Event: 74.426 Thread 0x0000021c85970c20 Uncommon trap: trap_request=0xffffffc6 fr.pc=0x0000021cf56c62a0 relative=0x0000000000000080
Event: 74.426 Thread 0x0000021c85970c20 Uncommon trap: reason=bimorphic_or_optimized_type_check action=maybe_recompile pc=0x0000021cf56c62a0 method=java.util.AbstractCollection.isEmpty()Z @ 1 c2
Event: 74.426 Thread 0x0000021c85970c20 DEOPT PACKING pc=0x0000021cf56c62a0 sp=0x000000fd217ff030
Event: 74.426 Thread 0x0000021c85970c20 DEOPT UNPACKING pc=0x0000021cedb0d72e sp=0x000000fd217fefc0 mode 2

Classes unloaded (0 events):
No events

Classes redefined (0 events):
No events

Internal exceptions (20 events):
Event: 0.893 Thread 0x0000021c84c82690 Exception <a 'java/lang/NoSuchMethodError'{0x0000000089b7b290}: 'void java.lang.invoke.DirectMethodHandle$Holder.invokeStaticInit(java.lang.Object)'> (0x0000000089b7b290) 
thrown [t:\workspace\open\src\hotspot\share\interpreter\linkResolver.cpp, line 790]
Event: 6.793 Thread 0x0000021c84c82690 Exception <a 'java/lang/NoSuchMethodError'{0x0000000089541148}: 'void java.lang.invoke.DirectMethodHandle$Holder.invokeSpecial(java.lang.Object, java.lang.Object, java.lang.Object, java.lang.Object, java.lang.Object)'> (0x0000000089541148) 
thrown [t:\workspace\open\src\hotspot\share\interpreter\linkResolver.cpp, line 790]
Event: 9.691 Thread 0x0000021c84c82690 Exception <a 'java/lang/NoSuchMethodError'{0x000000008a0ef518}: 'java.lang.Object java.lang.invoke.DirectMethodHandle$Holder.invokeInterface(java.lang.Object, java.lang.Object)'> (0x000000008a0ef518) 
thrown [t:\workspace\open\src\hotspot\share\interpreter\linkResolver.cpp, line 790]
Event: 9.769 Thread 0x0000021c84c82690 Exception <a 'java/lang/NoSuchMethodError'{0x0000000089f83f80}: 'void java.lang.invoke.DirectMethodHandle$Holder.invokeStatic(java.lang.Object, java.lang.Object, java.lang.Object)'> (0x0000000089f83f80) 
thrown [t:\workspace\open\src\hotspot\share\interpreter\linkResolver.cpp, line 790]
Event: 9.772 Thread 0x0000021c84c82690 Exception <a 'java/lang/NoSuchMethodError'{0x0000000089f8e7d8}: 'java.lang.Object java.lang.invoke.DirectMethodHandle$Holder.invokeVirtual(java.lang.Object, java.lang.Object, java.lang.Object)'> (0x0000000089f8e7d8) 
thrown [t:\workspace\open\src\hotspot\share\interpreter\linkResolver.cpp, line 790]
Event: 9.918 Thread 0x0000021c84c82690 Exception <a 'java/lang/NoSuchMethodError'{0x0000000089c978f0}: 'void java.lang.invoke.DirectMethodHandle$Holder.invokeStatic(java.lang.Object, java.lang.Object)'> (0x0000000089c978f0) 
thrown [t:\workspace\open\src\hotspot\share\interpreter\linkResolver.cpp, line 790]
Event: 10.087 Thread 0x0000021c84c82690 Exception <a 'java/lang/NoSuchMethodError'{0x0000000089fe6a58}: 'void java.lang.invoke.DirectMethodHandle$Holder.invokeStaticInit(java.lang.Object, java.lang.Object)'> (0x0000000089fe6a58) 
thrown [t:\workspace\open\src\hotspot\share\interpreter\linkResolver.cpp, line 790]
Event: 10.190 Thread 0x0000021c84c82690 Exception <a 'sun/nio/fs/WindowsException'{0x0000000089d20b80}> (0x0000000089d20b80) 
thrown [t:\workspace\open\src\hotspot\share\prims\jni.cpp, line 579]
Event: 10.222 Thread 0x0000021c84c82690 Exception <a 'java/lang/NoSuchMethodError'{0x0000000089d4b520}: 'int java.lang.invoke.DirectMethodHandle$Holder.invokeStaticInit(java.lang.Object, java.lang.Object, java.lang.Object, java.lang.Object)'> (0x0000000089d4b520) 
thrown [t:\workspace\open\src\hotspot\share\interpreter\linkResolver.cpp, line 790]
Event: 10.224 Thread 0x0000021c84c82690 Exception <a 'java/lang/IncompatibleClassChangeError'{0x0000000089d54e80}: Found class java.lang.Object, but interface was expected> (0x0000000089d54e80) 
thrown [t:\workspace\open\src\hotspot\share\interpreter\linkResolver.cpp, line 857]
Event: 10.226 Thread 0x0000021c84c82690 Exception <a 'java/lang/NoSuchMethodError'{0x0000000089d5ab00}: 'int java.lang.invoke.DirectMethodHandle$Holder.invokeStaticInit(java.lang.Object, java.lang.Object)'> (0x0000000089d5ab00) 
thrown [t:\workspace\open\src\hotspot\share\interpreter\linkResolver.cpp, line 790]
Event: 10.337 Thread 0x0000021c84c82690 Exception <a 'java/lang/NoSuchMethodError'{0x0000000089a63fc0}: 'java.lang.Object java.lang.invoke.DirectMethodHandle$Holder.invokeStaticInit(java.lang.Object, int, int, int, int)'> (0x0000000089a63fc0) 
thrown [t:\workspace\open\src\hotspot\share\interpreter\linkResolver.cpp, line 790]
Event: 10.415 Thread 0x0000021c84c82690 Exception <a 'java/lang/NoSuchMethodError'{0x0000000089923038}: 'java.lang.Object java.lang.invoke.DirectMethodHandle$Holder.invokeStaticInit(java.lang.Object, java.lang.Object, int, int, int, int)'> (0x0000000089923038) 
thrown [t:\workspace\open\src\hotspot\share\interpreter\linkResolver.cpp, line 790]
Event: 10.904 Thread 0x0000021c84c82690 Implicit null exception at 0x0000021cf55fcad0 to 0x0000021cf55fcfed
Event: 10.904 Thread 0x0000021c84c82690 Implicit null exception at 0x0000021cf55faec0 to 0x0000021cf55fb554
Event: 10.905 Thread 0x0000021c84c82690 Implicit null exception at 0x0000021cf55fcad0 to 0x0000021cf55fcfed
Event: 10.905 Thread 0x0000021c84c82690 Implicit null exception at 0x0000021cf55faec0 to 0x0000021cf55fb554
Event: 10.905 Thread 0x0000021c84c82690 Implicit null exception at 0x0000021cf55fcad0 to 0x0000021cf55fcfed
Event: 59.090 Thread 0x0000021c84c82690 Exception <a 'java/lang/NoSuchMethodError'{0x00000000895b91f8}: 'int java.lang.invoke.DirectMethodHandle$Holder.invokeStatic(java.lang.Object)'> (0x00000000895b91f8) 
thrown [t:\workspace\open\src\hotspot\share\interpreter\linkResolver.cpp, line 790]
Event: 62.492 Thread 0x0000021c85971170 Exception <a 'java/lang/NoSuchMethodError'{0x0000000084793950}: 'java.lang.Object java.lang.invoke.DirectMethodHandle$Holder.newInvokeSpecial(java.lang.Object, java.lang.Object, java.lang.Object, int, int, int, int, int)'> (0x0000000084793950) 
thrown [t:\workspace\open\src\hotspot\share\interpreter\linkResolver.cpp, line 790]

Events (20 events):
Event: 74.040 Executing  VM operation: G1TryInitiateConcMark
Event: 74.042 Executing  VM operation: G1TryInitiateConcMark done
Event: 74.299 Executing  VM operation: G1TryInitiateConcMark
Event: 74.304 Executing  VM operation: G1TryInitiateConcMark done
Event: 74.403 Thread 0x0000021c85970180 Thread added: 0x0000021c85970180
Event: 74.403 Thread 0x0000021c8596ec40 Thread added: 0x0000021c8596ec40
Event: 74.403 Thread 0x0000021c85971170 Thread added: 0x0000021c85971170
Event: 74.403 Thread 0x0000021c85970c20 Thread added: 0x0000021c85970c20
Event: 74.405 Thread 0x0000021c8596ec40 Thread exited: 0x0000021c8596ec40
Event: 74.408 loading class java/util/WeakHashMap$KeyIterator
Event: 74.409 loading class java/util/WeakHashMap$HashIterator
Event: 74.410 loading class java/util/WeakHashMap$HashIterator done
Event: 74.410 loading class java/util/WeakHashMap$KeyIterator done
Event: 74.415 Thread 0x0000021c85970180 Thread exited: 0x0000021c85970180
Event: 74.429 Thread 0x0000021c85970c20 Thread exited: 0x0000021c85970c20
Event: 74.436 Thread 0x0000021c859716c0 Thread exited: 0x0000021c859716c0
Event: 74.631 Thread 0x0000021c84c180d0 Thread exited: 0x0000021c84c180d0
Event: 74.678 Thread 0x0000021c85971170 Thread exited: 0x0000021c85971170
Event: 74.681 Thread 0x0000021cffa80aa0 Thread exited: 0x0000021cffa80aa0
Event: 74.701 Executing  VM operation: Exit


Dynamic libraries:
0x00007ff6dfda0000 - 0x00007ff6dfdb0000 	C:\Program Files\Java\jdk-16.0.2\bin\java.exe
0x00007ff95e750000 - 0x00007ff95e948000 	C:\Windows\SYSTEM32\ntdll.dll
0x00007ff95d980000 - 0x00007ff95da3d000 	C:\Windows\System32\KERNEL32.DLL
0x00007ff95c3f0000 - 0x00007ff95c6e6000 	C:\Windows\System32\KERNELBASE.dll
0x00007ff95be10000 - 0x00007ff95bf10000 	C:\Windows\System32\ucrtbase.dll
0x00007ff955480000 - 0x00007ff955499000 	C:\Program Files\Java\jdk-16.0.2\bin\VCRUNTIME140.dll
0x00007ff93fd20000 - 0x00007ff93fd38000 	C:\Program Files\Java\jdk-16.0.2\bin\jli.dll
0x00007ff95e590000 - 0x00007ff95e643000 	C:\Windows\System32\ADVAPI32.dll
0x00007ff95cc10000 - 0x00007ff95ccae000 	C:\Windows\System32\msvcrt.dll
0x00007ff95e670000 - 0x00007ff95e70f000 	C:\Windows\System32\sechost.dll
0x00007ff95e3e0000 - 0x00007ff95e506000 	C:\Windows\System32\RPCRT4.dll
0x00007ff95c3c0000 - 0x00007ff95c3e7000 	C:\Windows\System32\bcrypt.dll
0x00007ff95ca70000 - 0x00007ff95cc0e000 	C:\Windows\System32\USER32.dll
0x00007ff95c1e0000 - 0x00007ff95c202000 	C:\Windows\System32\win32u.dll
0x00007ff95d880000 - 0x00007ff95d8ab000 	C:\Windows\System32\GDI32.dll
0x00007ff95c210000 - 0x00007ff95c327000 	C:\Windows\System32\gdi32full.dll
0x00007ff95c6f0000 - 0x00007ff95c78d000 	C:\Windows\System32\msvcp_win.dll
0x00007ff942370000 - 0x00007ff94260a000 	C:\Windows\WinSxS\amd64_microsoft.windows.common-controls_6595b64144ccf1df_6.0.19041.3636_none_60b6a03d71f818d5\COMCTL32.dll
0x00007ff9469d0000 - 0x00007ff9469da000 	C:\Windows\SYSTEM32\VERSION.dll
0x00007ff95c870000 - 0x00007ff95c8a2000 	C:\Windows\System32\IMM32.DLL
0x00007ff9593a0000 - 0x00007ff9593ac000 	C:\Program Files\Java\jdk-16.0.2\bin\vcruntime140_1.dll
0x00007ff93c7b0000 - 0x00007ff93c841000 	C:\Program Files\Java\jdk-16.0.2\bin\msvcp140.dll
0x00007ff90ef40000 - 0x00007ff90faeb000 	C:\Program Files\Java\jdk-16.0.2\bin\server\jvm.dll
0x00007ff95ca60000 - 0x00007ff95ca68000 	C:\Windows\System32\PSAPI.DLL
0x00007ff955bd0000 - 0x00007ff955bd9000 	C:\Windows\SYSTEM32\WSOCK32.dll
0x00007ff95da40000 - 0x00007ff95daab000 	C:\Windows\System32\WS2_32.dll
0x00007ff953580000 - 0x00007ff9535a7000 	C:\Windows\SYSTEM32\WINMM.dll
0x00007ff95a660000 - 0x00007ff95a672000 	C:\Windows\SYSTEM32\kernel.appcore.dll
0x00007ff956710000 - 0x00007ff95671a000 	C:\Program Files\Java\jdk-16.0.2\bin\jimage.dll
0x00007ff951bb0000 - 0x00007ff951d94000 	C:\Windows\SYSTEM32\DBGHELP.DLL
0x00007ff951ac0000 - 0x00007ff951af4000 	C:\Windows\SYSTEM32\dbgcore.DLL
0x00007ff95c330000 - 0x00007ff95c3b2000 	C:\Windows\System32\bcryptPrimitives.dll
0x00007ff93fee0000 - 0x00007ff93ff05000 	C:\Program Files\Java\jdk-16.0.2\bin\java.dll
0x00007ff95db70000 - 0x00007ff95e2b5000 	C:\Windows\System32\SHELL32.dll
0x00007ff959440000 - 0x00007ff959bdc000 	C:\Windows\SYSTEM32\windows.storage.dll
0x00007ff95d520000 - 0x00007ff95d874000 	C:\Windows\System32\combase.dll
0x00007ff95b760000 - 0x00007ff95b78e000 	C:\Windows\SYSTEM32\Wldp.dll
0x00007ff95d8b0000 - 0x00007ff95d97d000 	C:\Windows\System32\OLEAUT32.dll
0x00007ff95d340000 - 0x00007ff95d3ed000 	C:\Windows\System32\SHCORE.dll
0x00007ff95ce70000 - 0x00007ff95cec5000 	C:\Windows\System32\shlwapi.dll
0x00007ff95bd40000 - 0x00007ff95bd65000 	C:\Windows\SYSTEM32\profapi.dll
0x00007ff9552a0000 - 0x00007ff9552b9000 	C:\Program Files\Java\jdk-16.0.2\bin\net.dll
0x00007ff950b30000 - 0x00007ff950c3a000 	C:\Windows\SYSTEM32\WINHTTP.dll
0x00007ff95b540000 - 0x00007ff95b5aa000 	C:\Windows\system32\mswsock.dll
0x00007ff954f20000 - 0x00007ff954f33000 	C:\Program Files\Java\jdk-16.0.2\bin\nio.dll
0x00007ff9544b0000 - 0x00007ff9544c8000 	C:\Program Files\Java\jdk-16.0.2\bin\zip.dll
0x00007ff93c850000 - 0x00007ff93c9d0000 	C:\Program Files\Java\jdk-16.0.2\bin\awt.dll
0x00007ff958b10000 - 0x00007ff958ba0000 	C:\Windows\SYSTEM32\apphelp.dll
0x00007ff958c00000 - 0x00007ff958c9e000 	C:\Windows\system32\uxtheme.dll
0x00007ff95e2c0000 - 0x00007ff95e3d4000 	C:\Windows\System32\MSCTF.dll
0x00007ff95cd40000 - 0x00007ff95ce6b000 	C:\Windows\System32\ole32.dll
0x00007ff9590b0000 - 0x00007ff9590df000 	C:\Windows\system32\DWMAPI.DLL
0x00007ff92f230000 - 0x00007ff92f2b9000 	C:\Program Files\Java\jdk-16.0.2\bin\freetype.dll
0x00007ff921750000 - 0x00007ff921846000 	C:\Program Files\Java\jdk-16.0.2\bin\harfbuzz.dll
0x00007ff943f90000 - 0x00007ff943fa2000 	C:\Program Files\Java\jdk-16.0.2\bin\fontmanager.dll
0x00007ff91de30000 - 0x00007ff91df55000 	C:\Windows\system32\opengl32.dll
0x00007ff933190000 - 0x00007ff9331bc000 	C:\Windows\SYSTEM32\GLU32.dll
0x00007ff95d460000 - 0x00007ff95d509000 	C:\Windows\System32\clbcatq.dll
0x00007ff954620000 - 0x00007ff9547d4000 	C:\Windows\SYSTEM32\WindowsCodecs.dll
0x00007ff9317f0000 - 0x00007ff93182e000 	C:\Windows\system32\dataexchange.dll
0x00007ff957670000 - 0x00007ff9578d3000 	C:\Windows\system32\d3d11.dll
0x00007ff958000000 - 0x00007ff9581e3000 	C:\Windows\system32\dcomp.dll
0x00007ff95a680000 - 0x00007ff95a773000 	C:\Windows\system32\dxgi.dll
0x00007ff954880000 - 0x00007ff954a83000 	C:\Windows\system32\twinapi.appcore.dll
0x00007ff94a0d0000 - 0x00007ff94a1c9000 	C:\Windows\SYSTEM32\textinputframework.dll
0x00007ff9588d0000 - 0x00007ff9589c2000 	C:\Windows\System32\CoreMessaging.dll
0x00007ff958570000 - 0x00007ff9588cb000 	C:\Windows\System32\CoreUIComponents.dll
0x00007ff95af60000 - 0x00007ff95af93000 	C:\Windows\SYSTEM32\ntmarta.dll
0x00007ff9578e0000 - 0x00007ff957a35000 	C:\Windows\SYSTEM32\wintypes.dll
0x00007ff92d7c0000 - 0x00007ff92dab5000 	C:\Windows\System32\uiautomationcore.dll
0x00007ff956b10000 - 0x00007ff956c06000 	C:\Windows\System32\PROPSYS.dll
0x00007ff95b6d0000 - 0x00007ff95b6dc000 	C:\Windows\SYSTEM32\CRYPTBASE.DLL
0x00007ff9441a0000 - 0x00007ff944206000 	C:\Windows\System32\OLEACC.dll
0x00007ff95a230000 - 0x00007ff95a23e000 	C:\Program Files\Java\jdk-16.0.2\bin\sunmscapi.dll
0x00007ff95c030000 - 0x00007ff95c18d000 	C:\Windows\System32\CRYPT32.dll
0x00007ff95b8b0000 - 0x00007ff95b8d8000 	C:\Windows\SYSTEM32\ncrypt.dll
0x00007ff95b870000 - 0x00007ff95b8ab000 	C:\Windows\SYSTEM32\NTASN1.dll
0x00007ff95b7a0000 - 0x00007ff95b7b8000 	C:\Windows\SYSTEM32\CRYPTSP.dll
0x00007ff95ae20000 - 0x00007ff95ae54000 	C:\Windows\system32\rsaenh.dll
0x00007ff95bcc0000 - 0x00007ff95bcee000 	C:\Windows\SYSTEM32\USERENV.dll
0x00007ff95b200000 - 0x00007ff95b23b000 	C:\Windows\SYSTEM32\IPHLPAPI.DLL
0x00007ff95d510000 - 0x00007ff95d518000 	C:\Windows\System32\NSI.dll
0x00007ff9519b0000 - 0x00007ff9519c7000 	C:\Windows\SYSTEM32\dhcpcsvc6.DLL
0x00007ff952680000 - 0x00007ff95269d000 	C:\Windows\SYSTEM32\dhcpcsvc.DLL
0x00007ff95b250000 - 0x00007ff95b31b000 	C:\Windows\SYSTEM32\DNSAPI.dll
0x00007ff93f760000 - 0x00007ff93f810000 	C:\Windows\WinSxS\amd64_microsoft.windows.common-controls_6595b64144ccf1df_5.82.19041.3636_none_7931fb75243f97c8\comctl32.dll
0x00007ff954130000 - 0x00007ff954147000 	C:\Windows\system32\NetworkExplorer.dll
0x00007ff95c190000 - 0x00007ff95c1de000 	C:\Windows\System32\CFGMGR32.dll
0x00007ff93d310000 - 0x00007ff93d32d000 	C:\Windows\SYSTEM32\MPR.dll
0x00007ff950990000 - 0x00007ff9509b9000 	C:\Windows\System32\p9np.dll
0x00007ff953a90000 - 0x00007ff953a9b000 	C:\Windows\System32\drprov.dll
0x00007ff95aab0000 - 0x00007ff95ab0b000 	C:\Windows\System32\WINSTA.dll
0x00007ff950970000 - 0x00007ff95098f000 	C:\Windows\System32\ntlanman.dll
0x00007ff950950000 - 0x00007ff95096e000 	C:\Windows\System32\davclnt.dll
0x00007ff953560000 - 0x00007ff95356d000 	C:\Windows\System32\DAVHLPR.dll
0x00007ff95af40000 - 0x00007ff95af59000 	C:\Windows\System32\wkscli.dll
0x00007ff954180000 - 0x00007ff954192000 	C:\Windows\SYSTEM32\cscapi.dll
0x00007ff95b240000 - 0x00007ff95b24c000 	C:\Windows\System32\netutils.dll
0x00007ff935c60000 - 0x00007ff935cb6000 	C:\Windows\System32\dlnashext.dll
0x00007ff95a3a0000 - 0x00007ff95a404000 	C:\Windows\System32\PlayToDevice.dll
0x00007ff9469a0000 - 0x00007ff9469c0000 	C:\Windows\System32\DevDispItemProvider.dll
0x00007ff941390000 - 0x00007ff9413a2000 	C:\Windows\SYSTEM32\deviceassociation.dll
0x00007ff9547e0000 - 0x00007ff954865000 	C:\Windows\System32\MMDevApi.dll
0x00007ff95bba0000 - 0x00007ff95bbd3000 	C:\Windows\System32\DEVOBJ.dll
0x00007ff924560000 - 0x00007ff924601000 	C:\Windows\system32\wpdshext.dll
0x00007ff93da90000 - 0x00007ff93dc37000 	C:\Windows\WinSxS\amd64_microsoft.windows.gdiplus_6595b64144ccf1df_1.1.19041.3996_none_91a79472cc852ba0\gdiplus.dll
0x00007ff91ccb0000 - 0x00007ff91cd53000 	C:\Windows\System32\PortableDeviceApi.dll
0x00007ff95ced0000 - 0x00007ff95d33e000 	C:\Windows\System32\SETUPAPI.dll
0x00007ff95bf10000 - 0x00007ff95bf77000 	C:\Windows\System32\WINTRUST.dll
0x00007ff95b9d0000 - 0x00007ff95b9e2000 	C:\Windows\System32\MSASN1.dll
0x00007ff939a10000 - 0x00007ff939a36000 	C:\Windows\System32\EhStorAPI.dll
0x00007ff95a1c0000 - 0x00007ff95a1d4000 	C:\Windows\System32\WTSAPI32.dll
0x00007ff93eed0000 - 0x00007ff93f016000 	C:\Windows\System32\Windows.StateRepositoryPS.dll
0x00007ff951e50000 - 0x00007ff951e5d000 	C:\Windows\SYSTEM32\LINKINFO.dll
0x00007ff955ea0000 - 0x00007ff955eb0000 	C:\Program Files\Java\jdk-16.0.2\bin\verify.dll
0x00007ff954030000 - 0x00007ff95403a000 	C:\Windows\System32\rasadhlp.dll
0x00007ff94af60000 - 0x00007ff94afe0000 	C:\Windows\System32\fwpuclnt.dll
0x00007ff9097a0000 - 0x00007ff90a143000 	C:\Users\LENOVO\Documents\NetBeansProjects\CBT test\src\folder\opencv_java249.dll
0x00007ff94b4f0000 - 0x00007ff94b509000 	C:\Windows\SYSTEM32\AVICAP32.dll
0x00007ff94b5e0000 - 0x00007ff94b601000 	C:\Windows\SYSTEM32\AVIFIL32.dll
0x00007ff940300000 - 0x00007ff94032b000 	C:\Windows\SYSTEM32\MSVFW32.dll
0x00007ff92e6f0000 - 0x00007ff92e70e000 	C:\Windows\SYSTEM32\MSACM32.dll
0x00007ff92caa0000 - 0x00007ff92cac6000 	C:\Windows\SYSTEM32\winmmbase.dll
0x00007ff94b4d0000 - 0x00007ff94b4ed000 	C:\Windows\System32\devenum.dll
0x00007ff953a40000 - 0x00007ff953a4b000 	C:\Windows\SYSTEM32\msdmo.dll
0x00007ff93d760000 - 0x00007ff93d796000 	C:\Windows\System32\qcap.dll
0x00007ff9166d0000 - 0x00007ff9168a0000 	C:\Windows\System32\quartz.dll
0x00007ff935cf0000 - 0x00007ff935d3d000 	C:\Windows\System32\mfksproxy.dll

dbghelp: loaded successfully - version: 4.0.5 - missing functions: none
symbol engine: initialized successfully - sym options: 0x614 - pdb path: .;C:\Program Files\Java\jdk-16.0.2\bin;C:\Windows\SYSTEM32;C:\Windows\WinSxS\amd64_microsoft.windows.common-controls_6595b64144ccf1df_6.0.19041.3636_none_60b6a03d71f818d5;C:\Program Files\Java\jdk-16.0.2\bin\server;C:\Windows\WinSxS\amd64_microsoft.windows.common-controls_6595b64144ccf1df_5.82.19041.3636_none_7931fb75243f97c8;C:\Windows\WinSxS\amd64_microsoft.windows.gdiplus_6595b64144ccf1df_1.1.19041.3996_none_91a79472cc852ba0;C:\Users\LENOVO\Documents\NetBeansProjects\CBT test\src\folder

VM Arguments:
jvm_args: -Dfile.encoding=UTF-8 --module-path=C:\Users\LENOVO\Documents\NetBeansProjects\ExamProjectKarol\build\classes 
java_command: examprojectkarol.HOME
java_class_path (initial): C:\Users\LENOVO\Downloads\jcalendar-1.4.jar\jcalendar-1.4.jar;C:\Users\LENOVO\Downloads\mysql-connector-j-8.0.31.jar;C:\Users\LENOVO\Downloads\Email;C:\Users\LENOVO\Downloads\Email\Email\jakarta.activation-1.2.1.jar;C:\Users\LENOVO\Downloads\Email\Email\jakarta.mail-1.6.7.jar;C:\Users\LENOVO\Downloads\JavaCVDriver (1);C:\Users\LENOVO\Downloads\JavaCVDriver (1)\required\opencv-249.jar;C:\Users\LENOVO\Downloads\xchart-3.8.7;C:\Users\LENOVO\Downloads\xchart-3.8.7\xchart-3.8.7\xchart-3.8.7.jar;C:\Users\LENOVO\Downloads\xchart-3.8.7\xchart-3.8.7\xchart-demo-3.8.7.jar;C:\Users\LENOVO\Downloads\jfreechart-1.0.19\jfreechart-1.0.19\lib\jcommon-1.0.23.jar;C:\Users\LENOVO\Downloads\jfreechart-1.0.19\jfreechart-1.0.19\lib\jfreechart-1.0.19.jar;C:\Users\LENOVO\Documents\NetBeansProjects\ExamProjectKarol\build\classes
Launcher Type: SUN_STANDARD

[Global flags]
     intx CICompilerCount                          = 3                                         {product} {ergonomic}
     uint ConcGCThreads                            = 1                                         {product} {ergonomic}
     uint G1ConcRefinementThreads                  = 4                                         {product} {ergonomic}
   size_t G1HeapRegionSize                         = 1048576                                   {product} {ergonomic}
    uintx GCDrainStackTargetSize                   = 64                                        {product} {ergonomic}
   size_t InitialHeapSize                          = 132120576                                 {product} {ergonomic}
   size_t MarkStackSize                            = 4194304                                   {product} {ergonomic}
   size_t MaxHeapSize                              = 2109734912                                {product} {ergonomic}
   size_t MaxNewSize                               = 1265631232                                {product} {ergonomic}
   size_t MinHeapDeltaBytes                        = 1048576                                   {product} {ergonomic}
   size_t MinHeapSize                              = 8388608                                   {product} {ergonomic}
    uintx NonNMethodCodeHeapSize                   = 5832780                                {pd product} {ergonomic}
    uintx NonProfiledCodeHeapSize                  = 122912730                              {pd product} {ergonomic}
    uintx ProfiledCodeHeapSize                     = 122912730                              {pd product} {ergonomic}
    uintx ReservedCodeCacheSize                    = 251658240                              {pd product} {ergonomic}
     bool SegmentedCodeCache                       = true                                      {product} {ergonomic}
   size_t SoftMaxHeapSize                          = 2109734912                             {manageable} {ergonomic}
     bool UseCompressedClassPointers               = true                           {product lp64_product} {ergonomic}
     bool UseCompressedOops                        = true                           {product lp64_product} {ergonomic}
     bool UseG1GC                                  = true                                      {product} {ergonomic}
     bool UseLargePagesIndividualAllocation        = false                                  {pd product} {ergonomic}

Logging:
Log output configuration:
 #0: stdout all=off uptime,level,tags
 #1: stderr all=off uptime,level,tags

Environment Variables:
PATH=C:\Program Files\Common Files\Oracle\Java\javapath;C:\Windows\system32;C:\Windows;C:\Windows\System32\Wbem;C:\Windows\System32\WindowsPowerShell\v1.0\;C:\Windows\System32\OpenSSH\;C:\Program Files\Git\cmd;C:\Program Files\nodejs\;C:\Program Files\Docker\Docker\resources\bin;C:\Program Files\MySQL\MySQL Shell 8.0\bin\;C:\Users\LENOVO\.cargo\bin;C:\Users\LENOVO\AppData\Local\Microsoft\WindowsApps;C:\Users\LENOVO\AppData\Local\Programs\Microsoft VS Code\bin;C:\Users\LENOVO\AppData\Roaming\npm;C:\Users\LENOVO\AppData\Local\GitHubDesktop\bin;C:\msys64\mingw64\bin;
USERNAME=LENOVO
OS=Windows_NT
PROCESSOR_IDENTIFIER=Intel64 Family 6 Model 78 Stepping 3, GenuineIntel



---------------  S Y S T E M  ---------------

OS:
 Windows 10 , 64 bit Build 19041 (10.0.19041.3636)
OS uptime: 8 days 19:00 hours
Hyper-V role detected

CPU: total 4 (initial active 4) (2 cores per cpu, 2 threads per core) family 6 model 78 stepping 3 microcode 0xcc, cx8, cmov, fxsr, ht, mmx, 3dnowpref, sse, sse2, sse3, ssse3, sse4.1, sse4.2, popcnt, lzcnt, tsc, tscinvbit, avx, avx2, aes, erms, clmul, bmi1, bmi2, rtm, adx, fma, vzeroupper, clflush, clflushopt, hv

Memory: 4k page, system-wide physical 8047M (986M free)
TotalPageFile size 22383M (AvailPageFile size 8654M)
current process WorkingSet (physical memory assigned to process): 171M, peak: 173M
current process commit charge ("private bytes"): 216M, peak: 248M

vm_info: Java HotSpot(TM) 64-Bit Server VM (16.0.2+7-67) for windows-amd64 JRE (16.0.2+7-67), built on Jun  8 2021 23:24:19 by "mach5one" with MS VC++ 16.7 (VS2019)

END.
